Building in: /home/loay/eclipse-workspace/GettingStarted/build/default
make -f ../../Makefile
g++ -c -O2   -o GettingStarted.o /home/loay/eclipse-workspace/GettingStarted/GettingStarted.cpp
g++ -o GettingStarted GettingStarted.o
Build complete (0 errors, 0 warnings): /home/loay/eclipse-workspace/GettingStarted/build/default
Building in: /home/loay/eclipse-workspace/GettingStarted/build/default
make -f ../../Makefile
make: Nothing to be done for 'all'.
Build complete (0 errors, 0 warnings): /home/loay/eclipse-workspace/GettingStarted/build/default
Building in: /home/loay/eclipse-workspace/GettingStarted/build/default
make -f ../../Makefile
make: Nothing to be done for 'all'.
Build complete (0 errors, 0 warnings): /home/loay/eclipse-workspace/GettingStarted/build/default
Building in: /home/loay/eclipse-workspace/GettingStarted/build/default
make -f ../../Makefile
g++ -c -O2   -o GettingStarted.o /home/loay/eclipse-workspace/GettingStarted/GettingStarted.cpp
/home/loay/eclipse-workspace/GettingStarted/GettingStarted.cpp: In function ‘int main(int, char**)’:
/home/loay/eclipse-workspace/GettingStarted/GettingStarted.cpp:3:7: error: ‘cout’ is not a member of ‘std’
  std::cout << "Hello, world!" << std::endl;
       ^~~~
/home/loay/eclipse-workspace/GettingStarted/GettingStarted.cpp:3:7: note: ‘std::cout’ is defined in header ‘<iostream>’; did you forget to ‘#include <iostream>’?
/home/loay/eclipse-workspace/GettingStarted/GettingStarted.cpp:1:1:
+#include <iostream>
 
/home/loay/eclipse-workspace/GettingStarted/GettingStarted.cpp:3:7:
  std::cout << "Hello, world!" << std::endl;
       ^~~~
/home/loay/eclipse-workspace/GettingStarted/GettingStarted.cpp:3:39: error: ‘endl’ is not a member of ‘std’
  std::cout << "Hello, world!" << std::endl;
                                       ^~~~
/home/loay/eclipse-workspace/GettingStarted/GettingStarted.cpp:3:39: note: ‘std::endl’ is defined in header ‘<ostream>’; did you forget to ‘#include <ostream>’?
/home/loay/eclipse-workspace/GettingStarted/GettingStarted.cpp:1:1:
+#include <ostream>
 
/home/loay/eclipse-workspace/GettingStarted/GettingStarted.cpp:3:39:
  std::cout << "Hello, world!" << std::endl;
                                       ^~~~
make: *** [../../Makefile:19: GettingStarted.o] Error 1
Build complete (3 errors, 0 warnings): /home/loay/eclipse-workspace/GettingStarted/build/default
Building in: /home/loay/eclipse-workspace/GettingStarted/build/default
make -f ../../Makefile
g++ -c -O2   -o GettingStarted.o /home/loay/eclipse-workspace/GettingStarted/GettingStarted.cpp
/home/loay/eclipse-workspace/GettingStarted/GettingStarted.cpp: In function ‘int main(int, char**)’:
/home/loay/eclipse-workspace/GettingStarted/GettingStarted.cpp:3:7: error: ‘cout’ is not a member of ‘std’
  std::cout << "Hello, world!" << std::endl;
       ^~~~
/home/loay/eclipse-workspace/GettingStarted/GettingStarted.cpp:3:7: note: ‘std::cout’ is defined in header ‘<iostream>’; did you forget to ‘#include <iostream>’?
/home/loay/eclipse-workspace/GettingStarted/GettingStarted.cpp:1:1:
+#include <iostream>
 
/home/loay/eclipse-workspace/GettingStarted/GettingStarted.cpp:3:7:
  std::cout << "Hello, world!" << std::endl;
       ^~~~
/home/loay/eclipse-workspace/GettingStarted/GettingStarted.cpp:3:39: error: ‘endl’ is not a member of ‘std’
  std::cout << "Hello, world!" << std::endl;
                                       ^~~~
/home/loay/eclipse-workspace/GettingStarted/GettingStarted.cpp:3:39: note: ‘std::endl’ is defined in header ‘<ostream>’; did you forget to ‘#include <ostream>’?
/home/loay/eclipse-workspace/GettingStarted/GettingStarted.cpp:1:1:
+#include <ostream>
 
/home/loay/eclipse-workspace/GettingStarted/GettingStarted.cpp:3:39:
  std::cout << "Hello, world!" << std::endl;
                                       ^~~~
make: *** [../../Makefile:19: GettingStarted.o] Error 1
Build complete (3 errors, 0 warnings): /home/loay/eclipse-workspace/GettingStarted/build/default
Building in: /home/loay/eclipse-workspace/GettingStarted/build/default
make -f ../../Makefile
g++ -c -O2   -o GettingStarted.o /home/loay/eclipse-workspace/GettingStarted/GettingStarted.cpp
/home/loay/eclipse-workspace/GettingStarted/GettingStarted.cpp: In function ‘int main(int, char**)’:
/home/loay/eclipse-workspace/GettingStarted/GettingStarted.cpp:3:7: error: ‘cout’ is not a member of ‘std’
  std::cout << "Hello, world!" << std::endl;
       ^~~~
/home/loay/eclipse-workspace/GettingStarted/GettingStarted.cpp:3:7: note: ‘std::cout’ is defined in header ‘<iostream>’; did you forget to ‘#include <iostream>’?
/home/loay/eclipse-workspace/GettingStarted/GettingStarted.cpp:1:1:
+#include <iostream>
 
/home/loay/eclipse-workspace/GettingStarted/GettingStarted.cpp:3:7:
  std::cout << "Hello, world!" << std::endl;
       ^~~~
/home/loay/eclipse-workspace/GettingStarted/GettingStarted.cpp:3:39: error: ‘endl’ is not a member of ‘std’
  std::cout << "Hello, world!" << std::endl;
                                       ^~~~
/home/loay/eclipse-workspace/GettingStarted/GettingStarted.cpp:3:39: note: ‘std::endl’ is defined in header ‘<ostream>’; did you forget to ‘#include <ostream>’?
/home/loay/eclipse-workspace/GettingStarted/GettingStarted.cpp:1:1:
+#include <ostream>
 
/home/loay/eclipse-workspace/GettingStarted/GettingStarted.cpp:3:39:
  std::cout << "Hello, world!" << std::endl;
                                       ^~~~
make: *** [../../Makefile:19: GettingStarted.o] Error 1
Build complete (3 errors, 0 warnings): /home/loay/eclipse-workspace/GettingStarted/build/default
Building in: /home/loay/eclipse-workspace/GettingStarted/build/default
make -f ../../Makefile
g++ -c -O2   -o GettingStarted.o /home/loay/eclipse-workspace/GettingStarted/GettingStarted.cpp
/home/loay/eclipse-workspace/GettingStarted/GettingStarted.cpp: In function ‘int main(int, char**)’:
/home/loay/eclipse-workspace/GettingStarted/GettingStarted.cpp:3:7: error: ‘cout’ is not a member of ‘std’
  std::cout << "Hello, world!" << std::endl;
       ^~~~
/home/loay/eclipse-workspace/GettingStarted/GettingStarted.cpp:3:7: note: ‘std::cout’ is defined in header ‘<iostream>’; did you forget to ‘#include <iostream>’?
/home/loay/eclipse-workspace/GettingStarted/GettingStarted.cpp:1:1:
+#include <iostream>
 
/home/loay/eclipse-workspace/GettingStarted/GettingStarted.cpp:3:7:
  std::cout << "Hello, world!" << std::endl;
       ^~~~
/home/loay/eclipse-workspace/GettingStarted/GettingStarted.cpp:3:39: error: ‘endl’ is not a member of ‘std’
  std::cout << "Hello, world!" << std::endl;
                                       ^~~~
/home/loay/eclipse-workspace/GettingStarted/GettingStarted.cpp:3:39: note: ‘std::endl’ is defined in header ‘<ostream>’; did you forget to ‘#include <ostream>’?
/home/loay/eclipse-workspace/GettingStarted/GettingStarted.cpp:1:1:
+#include <ostream>
 
/home/loay/eclipse-workspace/GettingStarted/GettingStarted.cpp:3:39:
  std::cout << "Hello, world!" << std::endl;
                                       ^~~~
make: *** [../../Makefile:19: GettingStarted.o] Error 1
Build complete (3 errors, 0 warnings): /home/loay/eclipse-workspace/GettingStarted/build/default
Building in: /home/loay/eclipse-workspace/GettingStarted/build/default
make -f ../../Makefile
g++ -c -O2   -o GettingStarted.o /home/loay/eclipse-workspace/GettingStarted/GettingStarted.cpp
g++ -o GettingStarted GettingStarted.o
Build complete (0 errors, 0 warnings): /home/loay/eclipse-workspace/GettingStarted/build/default
Building in: /home/loay/eclipse-workspace/GettingStarted/build/default
make -f ../../Makefile
make: Nothing to be done for 'all'.
Build complete (0 errors, 0 warnings): /home/loay/eclipse-workspace/GettingStarted/build/default
Building in: /home/loay/eclipse-workspace/GettingStarted/build/default
make -f ../../Makefile
g++ -c -O2   -o GettingStarted.o /home/loay/eclipse-workspace/GettingStarted/GettingStarted.cpp
/home/loay/eclipse-workspace/GettingStarted/GettingStarted.cpp: In function ‘int main(int, char**)’:
/home/loay/eclipse-workspace/GettingStarted/GettingStarted.cpp:6:2: error: ‘Person’ was not declared in this scope
  Person p;
  ^~~~~~
/home/loay/eclipse-workspace/GettingStarted/GettingStarted.cpp:6:2: note: suggested alternative: ‘perror’
  Person p;
  ^~~~~~
  perror
/home/loay/eclipse-workspace/GettingStarted/GettingStarted.cpp:7:2: error: ‘p’ was not declared in this scope
  p.print("hello");
  ^
make: *** [../../Makefile:19: GettingStarted.o] Error 1
Build complete (3 errors, 0 warnings): /home/loay/eclipse-workspace/GettingStarted/build/default
Building in: /home/loay/eclipse-workspace/GettingStarted/build/default
make -f ../../Makefile
g++ -c -O2   -o GettingStarted.o /home/loay/eclipse-workspace/GettingStarted/GettingStarted.cpp
/home/loay/eclipse-workspace/GettingStarted/GettingStarted.cpp: In function ‘int main(int, char**)’:
/home/loay/eclipse-workspace/GettingStarted/GettingStarted.cpp:13:10: error: cannot bind non-const lvalue reference of type ‘std::__cxx11::string&’ {aka ‘std::__cxx11::basic_string<char>&’} to an rvalue of type ‘std::__cxx11::string’ {aka ‘std::__cxx11::basic_string<char>’}
  p.print("hello");
          ^~~~~~~
In file included from /usr/include/c++/8/string:52,
                 from /usr/include/c++/8/bits/locale_classes.h:40,
                 from /usr/include/c++/8/bits/ios_base.h:41,
                 from /usr/include/c++/8/ios:42,
                 from /usr/include/c++/8/ostream:38,
                 from /usr/include/c++/8/iostream:39,
                 from /home/loay/eclipse-workspace/GettingStarted/GettingStarted.cpp:1:
/usr/include/c++/8/bits/basic_string.h:514:7: note:   after user-defined conversion: ‘std::__cxx11::basic_string<_CharT, _Traits, _Alloc>::basic_string(const _CharT*, const _Alloc&) [with _CharT = char; _Traits = std::char_traits<char>; _Alloc = std::allocator<char>]’
       basic_string(const _CharT* __s, const _Alloc& __a = _Alloc())
       ^~~~~~~~~~~~
/home/loay/eclipse-workspace/GettingStarted/GettingStarted.cpp:5:7: note:   initializing argument 1 of ‘void Person::print(std::__cxx11::string&)’
  void print(std::string &name){
       ^~~~~
make: *** [../../Makefile:19: GettingStarted.o] Error 1
Build complete (2 errors, 0 warnings): /home/loay/eclipse-workspace/GettingStarted/build/default
Building in: /home/loay/eclipse-workspace/GettingStarted/build/default
make -f ../../Makefile
g++ -c -O2   -o GettingStarted.o /home/loay/eclipse-workspace/GettingStarted/GettingStarted.cpp
/home/loay/eclipse-workspace/GettingStarted/GettingStarted.cpp: In function ‘int main(int, char**)’:
/home/loay/eclipse-workspace/GettingStarted/GettingStarted.cpp:13:17: warning: ISO C++ forbids converting a string constant to ‘char*’ [-Wwrite-strings]
  p.print("hello");
                 ^
/home/loay/eclipse-workspace/GettingStarted/GettingStarted.cpp:13:10: error: cannot bind non-const lvalue reference of type ‘char*&’ to an rvalue of type ‘char*’
  p.print("hello");
          ^~~~~~~
/home/loay/eclipse-workspace/GettingStarted/GettingStarted.cpp:5:7: note:   initializing argument 1 of ‘void Person::print(char*&)’
  void print(char* &name){
       ^~~~~
make: *** [../../Makefile:19: GettingStarted.o] Error 1
Build complete (2 errors, 1 warnings): /home/loay/eclipse-workspace/GettingStarted/build/default
Building in: /home/loay/eclipse-workspace/GettingStarted/build/default
make -f ../../Makefile
g++ -c -O2   -o GettingStarted.o /home/loay/eclipse-workspace/GettingStarted/GettingStarted.cpp
/home/loay/eclipse-workspace/GettingStarted/GettingStarted.cpp: In function ‘int main(int, char**)’:
/home/loay/eclipse-workspace/GettingStarted/GettingStarted.cpp:13:17: warning: ISO C++ forbids converting a string constant to ‘char*’ [-Wwrite-strings]
  p.print("hello");
                 ^
g++ -o GettingStarted GettingStarted.o
Build complete (0 errors, 1 warnings): /home/loay/eclipse-workspace/GettingStarted/build/default
Building in: /home/loay/eclipse-workspace/GettingStarted/build/default
make -f ../../Makefile
g++ -c -O2   -o GettingStarted.o /home/loay/eclipse-workspace/GettingStarted/GettingStarted.cpp
g++ -o GettingStarted GettingStarted.o
Build complete (0 errors, 0 warnings): /home/loay/eclipse-workspace/GettingStarted/build/default
Building in: /home/loay/eclipse-workspace/GettingStarted/build/default
make -f ../../Makefile
make: Nothing to be done for 'all'.
Build complete (0 errors, 0 warnings): /home/loay/eclipse-workspace/GettingStarted/build/default
Building in: /home/loay/eclipse-workspace/GettingStarted/build/default
make -f ../../Makefile
g++ -c -O2   -o GettingStarted.o /home/loay/eclipse-workspace/GettingStarted/GettingStarted.cpp
/home/loay/eclipse-workspace/GettingStarted/GettingStarted.cpp: In function ‘int main(int, char**)’:
/home/loay/eclipse-workspace/GettingStarted/GettingStarted.cpp:7:2: error: ‘Person’ was not declared in this scope
  Person p;
  ^~~~~~
/home/loay/eclipse-workspace/GettingStarted/GettingStarted.cpp:7:2: note: suggested alternative: ‘perror’
  Person p;
  ^~~~~~
  perror
/home/loay/eclipse-workspace/GettingStarted/GettingStarted.cpp:8:2: error: ‘p’ was not declared in this scope
  p.print("hello");
  ^
make: *** [../../Makefile:19: GettingStarted.o] Error 1
Build complete (3 errors, 0 warnings): /home/loay/eclipse-workspace/GettingStarted/build/default
Building in: /home/loay/eclipse-workspace/GettingStarted/build/default
make -f ../../Makefile
g++ -c -O2   -o GettingStarted.o /home/loay/eclipse-workspace/GettingStarted/GettingStarted.cpp
g++ -o GettingStarted GettingStarted.o
Build complete (0 errors, 0 warnings): /home/loay/eclipse-workspace/GettingStarted/build/default
Building in: /home/loay/eclipse-workspace/GettingStarted/build/default
make -f ../../Makefile
g++ -c -O2   -o GettingStarted.o /home/loay/eclipse-workspace/GettingStarted/GettingStarted.cpp
/home/loay/eclipse-workspace/GettingStarted/GettingStarted.cpp: In function ‘int main(int, char**)’:
/home/loay/eclipse-workspace/GettingStarted/GettingStarted.cpp:15:10: error: cannot bind non-const lvalue reference of type ‘std::__cxx11::string&’ {aka ‘std::__cxx11::basic_string<char>&’} to an rvalue of type ‘std::__cxx11::string’ {aka ‘std::__cxx11::basic_string<char>’}
  p.print("hello");
          ^~~~~~~
In file included from /usr/include/c++/8/string:52,
                 from /usr/include/c++/8/bits/locale_classes.h:40,
                 from /usr/include/c++/8/bits/ios_base.h:41,
                 from /usr/include/c++/8/ios:42,
                 from /usr/include/c++/8/ostream:38,
                 from /usr/include/c++/8/iostream:39,
                 from /home/loay/eclipse-workspace/GettingStarted/GettingStarted.cpp:1:
/usr/include/c++/8/bits/basic_string.h:514:7: note:   after user-defined conversion: ‘std::__cxx11::basic_string<_CharT, _Traits, _Alloc>::basic_string(const _CharT*, const _Alloc&) [with _CharT = char; _Traits = std::char_traits<char>; _Alloc = std::allocator<char>]’
       basic_string(const _CharT* __s, const _Alloc& __a = _Alloc())
       ^~~~~~~~~~~~
/home/loay/eclipse-workspace/GettingStarted/GettingStarted.cpp:6:7: note:   initializing argument 1 of ‘void Person::print(std::__cxx11::string&)’
  void print(std::string& name){
       ^~~~~
make: *** [../../Makefile:19: GettingStarted.o] Error 1
Build complete (2 errors, 0 warnings): /home/loay/eclipse-workspace/GettingStarted/build/default
Building in: /home/loay/eclipse-workspace/GettingStarted/build/default
make -f ../../Makefile
g++ -c -O2   -o GettingStarted.o /home/loay/eclipse-workspace/GettingStarted/GettingStarted.cpp
/home/loay/eclipse-workspace/GettingStarted/GettingStarted.cpp: In function ‘int main(int, char**)’:
/home/loay/eclipse-workspace/GettingStarted/GettingStarted.cpp:15:18: error: no matching function for call to ‘Person::print(const char (*)[6])’
  p.print(&"hello");
                  ^
/home/loay/eclipse-workspace/GettingStarted/GettingStarted.cpp:6:7: note: candidate: ‘void Person::print(std::__cxx11::string&)’
  void print(std::string& name){
       ^~~~~
/home/loay/eclipse-workspace/GettingStarted/GettingStarted.cpp:6:7: note:   no known conversion for argument 1 from ‘const char (*)[6]’ to ‘std::__cxx11::string&’ {aka ‘std::__cxx11::basic_string<char>&’}
make: *** [../../Makefile:19: GettingStarted.o] Error 1
Build complete (2 errors, 0 warnings): /home/loay/eclipse-workspace/GettingStarted/build/default
Building in: /home/loay/eclipse-workspace/GettingStarted/build/default
make -f ../../Makefile
g++ -c -O2   -o GettingStarted.o /home/loay/eclipse-workspace/GettingStarted/GettingStarted.cpp
g++ -o GettingStarted GettingStarted.o
Build complete (0 errors, 0 warnings): /home/loay/eclipse-workspace/GettingStarted/build/default
Building in: /home/loay/eclipse-workspace/GettingStarted/build/default
make -f ../../Makefile
g++ -c -O2   -o GettingStarted.o /home/loay/eclipse-workspace/GettingStarted/GettingStarted.cpp
/home/loay/eclipse-workspace/GettingStarted/GettingStarted.cpp: In function ‘int main(int, char**)’:
/home/loay/eclipse-workspace/GettingStarted/GettingStarted.cpp:15:18: error: expected ‘;’ before ‘return’
  p.print("hello")
                  ^
                  ;
  return 0;
  ~~~~~~           
make: *** [../../Makefile:19: GettingStarted.o] Error 1
Build complete (2 errors, 0 warnings): /home/loay/eclipse-workspace/GettingStarted/build/default
Building in: /home/loay/eclipse-workspace/GettingStarted/build/default
make -f ../../Makefile
g++ -c -O2   -o GettingStarted.o /home/loay/eclipse-workspace/GettingStarted/GettingStarted.cpp
g++ -o GettingStarted GettingStarted.o
Build complete (0 errors, 0 warnings): /home/loay/eclipse-workspace/GettingStarted/build/default
Building in: /home/loay/eclipse-workspace/GettingStarted/build/default
make -f ../../Makefile
g++ -c -O2   -o GettingStarted.o /home/loay/eclipse-workspace/GettingStarted/GettingStarted.cpp
g++ -o GettingStarted GettingStarted.o
/usr/bin/ld: /usr/lib/gcc/x86_64-linux-gnu/8/../../../x86_64-linux-gnu/Scrt1.o: in function `_start':
(.text+0x24): undefined reference to `main'
collect2: error: ld returned 1 exit status
make: *** [../../Makefile:16: GettingStarted] Error 1
Build complete (3 errors, 0 warnings): /home/loay/eclipse-workspace/GettingStarted/build/default
Building in: /home/loay/eclipse-workspace/GettingStarted/build/default
make -f ../../Makefile
g++ -c -O2   -o GettingStarted.o /home/loay/eclipse-workspace/GettingStarted/GettingStarted.cpp
/home/loay/eclipse-workspace/GettingStarted/GettingStarted.cpp:15:1: error: expected ‘}’ at end of input
 }
 ^
/home/loay/eclipse-workspace/GettingStarted/GettingStarted.cpp:4:14: note: to match this ‘{’
 struct Person{
              ^
/home/loay/eclipse-workspace/GettingStarted/GettingStarted.cpp:15:1: error: expected unqualified-id at end of input
 }
 ^
make: *** [../../Makefile:19: GettingStarted.o] Error 1
Build complete (3 errors, 0 warnings): /home/loay/eclipse-workspace/GettingStarted/build/default
Building in: /home/loay/eclipse-workspace/GettingStarted/build/default
make -f ../../Makefile
g++ -c -O2   -o GettingStarted.o /home/loay/eclipse-workspace/GettingStarted/GettingStarted.cpp
g++ -o GettingStarted GettingStarted.o
/usr/bin/ld: /usr/lib/gcc/x86_64-linux-gnu/8/../../../x86_64-linux-gnu/Scrt1.o: in function `_start':
(.text+0x24): undefined reference to `main'
collect2: error: ld returned 1 exit status
make: *** [../../Makefile:16: GettingStarted] Error 1
Build complete (3 errors, 0 warnings): /home/loay/eclipse-workspace/GettingStarted/build/default
Building in: /home/loay/eclipse-workspace/GettingStarted/build/default
make -f ../../Makefile
g++ -c -O2   -o GettingStarted.o /home/loay/eclipse-workspace/GettingStarted/GettingStarted.cpp
g++ -o GettingStarted GettingStarted.o
Build complete (0 errors, 0 warnings): /home/loay/eclipse-workspace/GettingStarted/build/default
Building in: /home/loay/eclipse-workspace/GettingStarted/build/default
make -f ../../Makefile
g++ -c -O2   -o GettingStarted.o /home/loay/eclipse-workspace/GettingStarted/GettingStarted.cpp
g++ -o GettingStarted GettingStarted.o
Build complete (0 errors, 0 warnings): /home/loay/eclipse-workspace/GettingStarted/build/default
Building in: /home/loay/eclipse-workspace/GettingStarted/build/default
make -f ../../Makefile
make: Nothing to be done for 'all'.
Build complete (0 errors, 0 warnings): /home/loay/eclipse-workspace/GettingStarted/build/default
Building in: /home/loay/eclipse-workspace/GettingStarted/build/default
make -f ../../Makefile
g++ -c -O2   -o GettingStarted.o /home/loay/eclipse-workspace/GettingStarted/GettingStarted.cpp
g++ -o GettingStarted GettingStarted.o
Build complete (0 errors, 0 warnings): /home/loay/eclipse-workspace/GettingStarted/build/default
Building in: /home/loay/eclipse-workspace/GettingStarted/build/default
make -f ../../Makefile
make: Nothing to be done for 'all'.
Build complete (0 errors, 0 warnings): /home/loay/eclipse-workspace/GettingStarted/build/default
Building in: /home/loay/eclipse-workspace/GettingStarted/build/default
make -f ../../Makefile
make: Nothing to be done for 'all'.
Build complete (0 errors, 0 warnings): /home/loay/eclipse-workspace/GettingStarted/build/default
Building in: /home/loay/eclipse-workspace/GettingStarted/build/default
make -f ../../Makefile
g++ -c -O2   -o GettingStarted.o /home/loay/eclipse-workspace/GettingStarted/GettingStarted.cpp
g++ -o GettingStarted GettingStarted.o
Build complete (0 errors, 0 warnings): /home/loay/eclipse-workspace/GettingStarted/build/default
Building in: /home/loay/eclipse-workspace/GettingStarted/build/default
make -f ../../Makefile
make: Nothing to be done for 'all'.
Build complete (0 errors, 0 warnings): /home/loay/eclipse-workspace/GettingStarted/build/default
Building in: /home/loay/eclipse-workspace/GettingStarted/build/default
make -f ../../Makefile
g++ -c -O2   -o GettingStarted.o /home/loay/eclipse-workspace/GettingStarted/GettingStarted.cpp
g++ -o GettingStarted GettingStarted.o
Build complete (0 errors, 0 warnings): /home/loay/eclipse-workspace/GettingStarted/build/default
Building in: /home/loay/eclipse-workspace/GettingStarted/build/default
make -f ../../Makefile
make: Nothing to be done for 'all'.
Build complete (0 errors, 0 warnings): /home/loay/eclipse-workspace/GettingStarted/build/default
Building in: /home/loay/eclipse-workspace/GettingStarted/build/default
make -f ../../Makefile
g++ -c -O2   -o GettingStarted.o /home/loay/eclipse-workspace/GettingStarted/GettingStarted.cpp
g++ -o GettingStarted GettingStarted.o
Build complete (0 errors, 0 warnings): /home/loay/eclipse-workspace/GettingStarted/build/default
Building in: /home/loay/eclipse-workspace/GettingStarted/build/default
make -f ../../Makefile
make: Nothing to be done for 'all'.
Build complete (0 errors, 0 warnings): /home/loay/eclipse-workspace/GettingStarted/build/default
Building in: /home/loay/eclipse-workspace/GettingStarted/build/default
make -f ../../Makefile
g++ -c -O2   -o GettingStarted.o /home/loay/eclipse-workspace/GettingStarted/GettingStarted.cpp
g++ -o GettingStarted GettingStarted.o
Build complete (0 errors, 0 warnings): /home/loay/eclipse-workspace/GettingStarted/build/default
Building in: /home/loay/eclipse-workspace/GettingStarted/build/default
make -f ../../Makefile
make: Nothing to be done for 'all'.
Build complete (0 errors, 0 warnings): /home/loay/eclipse-workspace/GettingStarted/build/default
Building in: /home/loay/eclipse-workspace/GettingStarted/build/default
make -f ../../Makefile
g++ -c -O2   -o GettingStarted.o /home/loay/eclipse-workspace/GettingStarted/GettingStarted.cpp
g++ -o GettingStarted GettingStarted.o
Build complete (0 errors, 0 warnings): /home/loay/eclipse-workspace/GettingStarted/build/default
Building in: /home/loay/eclipse-workspace/GettingStarted/build/default
make -f ../../Makefile
make: Nothing to be done for 'all'.
Build complete (0 errors, 0 warnings): /home/loay/eclipse-workspace/GettingStarted/build/default
Building in: /home/loay/eclipse-workspace/GettingStarted/build/default
make -f ../../Makefile
g++ -c -O2   -o GettingStarted.o /home/loay/eclipse-workspace/GettingStarted/GettingStarted.cpp
g++ -o GettingStarted GettingStarted.o
Build complete (0 errors, 0 warnings): /home/loay/eclipse-workspace/GettingStarted/build/default
Building in: /home/loay/eclipse-workspace/GettingStarted/build/default
make -f ../../Makefile
make: Nothing to be done for 'all'.
Build complete (0 errors, 0 warnings): /home/loay/eclipse-workspace/GettingStarted/build/default
Building in: /home/loay/eclipse-workspace/GettingStarted/build/default
make -f ../../Makefile
g++ -c -O2   -o GettingStarted.o /home/loay/eclipse-workspace/GettingStarted/GettingStarted.cpp
g++ -o GettingStarted GettingStarted.o
Build complete (0 errors, 0 warnings): /home/loay/eclipse-workspace/GettingStarted/build/default
Building in: /home/loay/eclipse-workspace/GettingStarted/build/default
make -f ../../Makefile
make: Nothing to be done for 'all'.
Build complete (0 errors, 0 warnings): /home/loay/eclipse-workspace/GettingStarted/build/default
Building in: /home/loay/eclipse-workspace/GettingStarted/build/default
make -f ../../Makefile
g++ -c -O2   -o GettingStarted.o /home/loay/eclipse-workspace/GettingStarted/GettingStarted.cpp
g++ -o GettingStarted GettingStarted.o
Build complete (0 errors, 0 warnings): /home/loay/eclipse-workspace/GettingStarted/build/default
Building in: /home/loay/eclipse-workspace/GettingStarted/build/default
make -f ../../Makefile
make: Nothing to be done for 'all'.
Build complete (0 errors, 0 warnings): /home/loay/eclipse-workspace/GettingStarted/build/default
Building in: /home/loay/eclipse-workspace/GettingStarted/build/default
make -f ../../Makefile
g++ -c -O2   -o GettingStarted.o /home/loay/eclipse-workspace/GettingStarted/GettingStarted.cpp
/home/loay/eclipse-workspace/GettingStarted/GettingStarted.cpp: In function ‘int main(int, char**)’:
/home/loay/eclipse-workspace/GettingStarted/GettingStarted.cpp:15:41: error: expected primary-expression before ‘typeof’
  std::cout << i << std::endl << "\t" << typeof(i);
                                         ^~~~~~
make: *** [../../Makefile:19: GettingStarted.o] Error 1
Build complete (2 errors, 0 warnings): /home/loay/eclipse-workspace/GettingStarted/build/default
Building in: /home/loay/eclipse-workspace/GettingStarted/build/default
make -f ../../Makefile
g++ -c -O2   -o GettingStarted.o /home/loay/eclipse-workspace/GettingStarted/GettingStarted.cpp
/home/loay/eclipse-workspace/GettingStarted/GettingStarted.cpp: In function ‘int main(int, char**)’:
/home/loay/eclipse-workspace/GettingStarted/GettingStarted.cpp:15:38: error: no match for ‘operator<<’ (operand types are ‘std::basic_ostream<char>’ and ‘const std::type_info’)
  std::cout << i << std::endl << "\t" << typeid(i);
  ~~~~~~~~~~~~~~~~~~~~~~~~~~~~~~~~~~~~^~~~~~~~~~~~
In file included from /usr/include/c++/8/iostream:39,
                 from /home/loay/eclipse-workspace/GettingStarted/GettingStarted.cpp:1:
/usr/include/c++/8/ostream:108:7: note: candidate: ‘std::basic_ostream<_CharT, _Traits>::__ostream_type& std::basic_ostream<_CharT, _Traits>::operator<<(std::basic_ostream<_CharT, _Traits>::__ostream_type& (*)(std::basic_ostream<_CharT, _Traits>::__ostream_type&)) [with _CharT = char; _Traits = std::char_traits<char>; std::basic_ostream<_CharT, _Traits>::__ostream_type = std::basic_ostream<char>]’
       operator<<(__ostream_type& (*__pf)(__ostream_type&))
       ^~~~~~~~
/usr/include/c++/8/ostream:108:7: note:   no known conversion for argument 1 from ‘const std::type_info’ to ‘std::basic_ostream<char>::__ostream_type& (*)(std::basic_ostream<char>::__ostream_type&)’ {aka ‘std::basic_ostream<char>& (*)(std::basic_ostream<char>&)’}
/usr/include/c++/8/ostream:117:7: note: candidate: ‘std::basic_ostream<_CharT, _Traits>::__ostream_type& std::basic_ostream<_CharT, _Traits>::operator<<(std::basic_ostream<_CharT, _Traits>::__ios_type& (*)(std::basic_ostream<_CharT, _Traits>::__ios_type&)) [with _CharT = char; _Traits = std::char_traits<char>; std::basic_ostream<_CharT, _Traits>::__ostream_type = std::basic_ostream<char>; std::basic_ostream<_CharT, _Traits>::__ios_type = std::basic_ios<char>]’
       operator<<(__ios_type& (*__pf)(__ios_type&))
       ^~~~~~~~
/usr/include/c++/8/ostream:117:7: note:   no known conversion for argument 1 from ‘const std::type_info’ to ‘std::basic_ostream<char>::__ios_type& (*)(std::basic_ostream<char>::__ios_type&)’ {aka ‘std::basic_ios<char>& (*)(std::basic_ios<char>&)’}
/usr/include/c++/8/ostream:127:7: note: candidate: ‘std::basic_ostream<_CharT, _Traits>::__ostream_type& std::basic_ostream<_CharT, _Traits>::operator<<(std::ios_base& (*)(std::ios_base&)) [with _CharT = char; _Traits = std::char_traits<char>; std::basic_ostream<_CharT, _Traits>::__ostream_type = std::basic_ostream<char>]’
       operator<<(ios_base& (*__pf) (ios_base&))
       ^~~~~~~~
/usr/include/c++/8/ostream:127:7: note:   no known conversion for argument 1 from ‘const std::type_info’ to ‘std::ios_base& (*)(std::ios_base&)’
/usr/include/c++/8/ostream:166:7: note: candidate: ‘std::basic_ostream<_CharT, _Traits>::__ostream_type& std::basic_ostream<_CharT, _Traits>::operator<<(long int) [with _CharT = char; _Traits = std::char_traits<char>; std::basic_ostream<_CharT, _Traits>::__ostream_type = std::basic_ostream<char>]’
       operator<<(long __n)
       ^~~~~~~~
/usr/include/c++/8/ostream:166:7: note:   no known conversion for argument 1 from ‘const std::type_info’ to ‘long int’
/usr/include/c++/8/ostream:170:7: note: candidate: ‘std::basic_ostream<_CharT, _Traits>::__ostream_type& std::basic_ostream<_CharT, _Traits>::operator<<(long unsigned int) [with _CharT = char; _Traits = std::char_traits<char>; std::basic_ostream<_CharT, _Traits>::__ostream_type = std::basic_ostream<char>]’
       operator<<(unsigned long __n)
       ^~~~~~~~
/usr/include/c++/8/ostream:170:7: note:   no known conversion for argument 1 from ‘const std::type_info’ to ‘long unsigned int’
/usr/include/c++/8/ostream:174:7: note: candidate: ‘std::basic_ostream<_CharT, _Traits>::__ostream_type& std::basic_ostream<_CharT, _Traits>::operator<<(bool) [with _CharT = char; _Traits = std::char_traits<char>; std::basic_ostream<_CharT, _Traits>::__ostream_type = std::basic_ostream<char>]’
       operator<<(bool __n)
       ^~~~~~~~
/usr/include/c++/8/ostream:174:7: note:   no known conversion for argument 1 from ‘const std::type_info’ to ‘bool’
In file included from /usr/include/c++/8/ostream:696,
                 from /usr/include/c++/8/iostream:39,
                 from /home/loay/eclipse-workspace/GettingStarted/GettingStarted.cpp:1:
/usr/include/c++/8/bits/ostream.tcc:91:5: note: candidate: ‘std::basic_ostream<_CharT, _Traits>& std::basic_ostream<_CharT, _Traits>::operator<<(short int) [with _CharT = char; _Traits = std::char_traits<char>]’
     basic_ostream<_CharT, _Traits>::
     ^~~~~~~~~~~~~~~~~~~~~~~~~~~~~~
/usr/include/c++/8/bits/ostream.tcc:91:5: note:   no known conversion for argument 1 from ‘const std::type_info’ to ‘short int’
In file included from /usr/include/c++/8/iostream:39,
                 from /home/loay/eclipse-workspace/GettingStarted/GettingStarted.cpp:1:
/usr/include/c++/8/ostream:181:7: note: candidate: ‘std::basic_ostream<_CharT, _Traits>::__ostream_type& std::basic_ostream<_CharT, _Traits>::operator<<(short unsigned int) [with _CharT = char; _Traits = std::char_traits<char>; std::basic_ostream<_CharT, _Traits>::__ostream_type = std::basic_ostream<char>]’
       operator<<(unsigned short __n)
       ^~~~~~~~
/usr/include/c++/8/ostream:181:7: note:   no known conversion for argument 1 from ‘const std::type_info’ to ‘short unsigned int’
In file included from /usr/include/c++/8/ostream:696,
                 from /usr/include/c++/8/iostream:39,
                 from /home/loay/eclipse-workspace/GettingStarted/GettingStarted.cpp:1:
/usr/include/c++/8/bits/ostream.tcc:105:5: note: candidate: ‘std::basic_ostream<_CharT, _Traits>& std::basic_ostream<_CharT, _Traits>::operator<<(int) [with _CharT = char; _Traits = std::char_traits<char>]’
     basic_ostream<_CharT, _Traits>::
     ^~~~~~~~~~~~~~~~~~~~~~~~~~~~~~
/usr/include/c++/8/bits/ostream.tcc:105:5: note:   no known conversion for argument 1 from ‘const std::type_info’ to ‘int’
In file included from /usr/include/c++/8/iostream:39,
                 from /home/loay/eclipse-workspace/GettingStarted/GettingStarted.cpp:1:
/usr/include/c++/8/ostream:192:7: note: candidate: ‘std::basic_ostream<_CharT, _Traits>::__ostream_type& std::basic_ostream<_CharT, _Traits>::operator<<(unsigned int) [with _CharT = char; _Traits = std::char_traits<char>; std::basic_ostream<_CharT, _Traits>::__ostream_type = std::basic_ostream<char>]’
       operator<<(unsigned int __n)
       ^~~~~~~~
/usr/include/c++/8/ostream:192:7: note:   no known conversion for argument 1 from ‘const std::type_info’ to ‘unsigned int’
/usr/include/c++/8/ostream:201:7: note: candidate: ‘std::basic_ostream<_CharT, _Traits>::__ostream_type& std::basic_ostream<_CharT, _Traits>::operator<<(long long int) [with _CharT = char; _Traits = std::char_traits<char>; std::basic_ostream<_CharT, _Traits>::__ostream_type = std::basic_ostream<char>]’
       operator<<(long long __n)
       ^~~~~~~~
/usr/include/c++/8/ostream:201:7: note:   no known conversion for argument 1 from ‘const std::type_info’ to ‘long long int’
/usr/include/c++/8/ostream:205:7: note: candidate: ‘std::basic_ostream<_CharT, _Traits>::__ostream_type& std::basic_ostream<_CharT, _Traits>::operator<<(long long unsigned int) [with _CharT = char; _Traits = std::char_traits<char>; std::basic_ostream<_CharT, _Traits>::__ostream_type = std::basic_ostream<char>]’
       operator<<(unsigned long long __n)
       ^~~~~~~~
/usr/include/c++/8/ostream:205:7: note:   no known conversion for argument 1 from ‘const std::type_info’ to ‘long long unsigned int’
/usr/include/c++/8/ostream:220:7: note: candidate: ‘std::basic_ostream<_CharT, _Traits>::__ostream_type& std::basic_ostream<_CharT, _Traits>::operator<<(double) [with _CharT = char; _Traits = std::char_traits<char>; std::basic_ostream<_CharT, _Traits>::__ostream_type = std::basic_ostream<char>]’
       operator<<(double __f)
       ^~~~~~~~
/usr/include/c++/8/ostream:220:7: note:   no known conversion for argument 1 from ‘const std::type_info’ to ‘double’
/usr/include/c++/8/ostream:224:7: note: candidate: ‘std::basic_ostream<_CharT, _Traits>::__ostream_type& std::basic_ostream<_CharT, _Traits>::operator<<(float) [with _CharT = char; _Traits = std::char_traits<char>; std::basic_ostream<_CharT, _Traits>::__ostream_type = std::basic_ostream<char>]’
       operator<<(float __f)
       ^~~~~~~~
/usr/include/c++/8/ostream:224:7: note:   no known conversion for argument 1 from ‘const std::type_info’ to ‘float’
/usr/include/c++/8/ostream:232:7: note: candidate: ‘std::basic_ostream<_CharT, _Traits>::__ostream_type& std::basic_ostream<_CharT, _Traits>::operator<<(long double) [with _CharT = char; _Traits = std::char_traits<char>; std::basic_ostream<_CharT, _Traits>::__ostream_type = std::basic_ostream<char>]’
       operator<<(long double __f)
       ^~~~~~~~
/usr/include/c++/8/ostream:232:7: note:   no known conversion for argument 1 from ‘const std::type_info’ to ‘long double’
/usr/include/c++/8/ostream:245:7: note: candidate: ‘std::basic_ostream<_CharT, _Traits>::__ostream_type& std::basic_ostream<_CharT, _Traits>::operator<<(const void*) [with _CharT = char; _Traits = std::char_traits<char>; std::basic_ostream<_CharT, _Traits>::__ostream_type = std::basic_ostream<char>]’
       operator<<(const void* __p)
       ^~~~~~~~
/usr/include/c++/8/ostream:245:7: note:   no known conversion for argument 1 from ‘const std::type_info’ to ‘const void*’
In file included from /usr/include/c++/8/ostream:696,
                 from /usr/include/c++/8/iostream:39,
                 from /home/loay/eclipse-workspace/GettingStarted/GettingStarted.cpp:1:
/usr/include/c++/8/bits/ostream.tcc:119:5: note: candidate: ‘std::basic_ostream<_CharT, _Traits>& std::basic_ostream<_CharT, _Traits>::operator<<(std::basic_ostream<_CharT, _Traits>::__streambuf_type*) [with _CharT = char; _Traits = std::char_traits<char>; std::basic_ostream<_CharT, _Traits>::__streambuf_type = std::basic_streambuf<char>]’
     basic_ostream<_CharT, _Traits>::
     ^~~~~~~~~~~~~~~~~~~~~~~~~~~~~~
/usr/include/c++/8/bits/ostream.tcc:119:5: note:   no known conversion for argument 1 from ‘const std::type_info’ to ‘std::basic_ostream<char>::__streambuf_type*’ {aka ‘std::basic_streambuf<char>*’}
In file included from /usr/include/c++/8/string:52,
                 from /usr/include/c++/8/bits/locale_classes.h:40,
                 from /usr/include/c++/8/bits/ios_base.h:41,
                 from /usr/include/c++/8/ios:42,
                 from /usr/include/c++/8/ostream:38,
                 from /usr/include/c++/8/iostream:39,
                 from /home/loay/eclipse-workspace/GettingStarted/GettingStarted.cpp:1:
/usr/include/c++/8/bits/basic_string.h:6323:5: note: candidate: ‘template<class _CharT, class _Traits, class _Alloc> std::basic_ostream<_CharT, _Traits>& std::operator<<(std::basic_ostream<_CharT, _Traits>&, const std::__cxx11::basic_string<_CharT, _Traits, _Alloc>&)’
     operator<<(basic_ostream<_CharT, _Traits>& __os,
     ^~~~~~~~
/usr/include/c++/8/bits/basic_string.h:6323:5: note:   template argument deduction/substitution failed:
/home/loay/eclipse-workspace/GettingStarted/GettingStarted.cpp:15:49: note:   ‘const std::type_info’ is not derived from ‘const std::__cxx11::basic_string<_CharT, _Traits, _Alloc>’
  std::cout << i << std::endl << "\t" << typeid(i);
                                                 ^
In file included from /usr/include/c++/8/bits/ios_base.h:46,
                 from /usr/include/c++/8/ios:42,
                 from /usr/include/c++/8/ostream:38,
                 from /usr/include/c++/8/iostream:39,
                 from /home/loay/eclipse-workspace/GettingStarted/GettingStarted.cpp:1:
/usr/include/c++/8/system_error:217:5: note: candidate: ‘template<class _CharT, class _Traits> std::basic_ostream<_CharT, _Traits>& std::operator<<(std::basic_ostream<_CharT, _Traits>&, const std::error_code&)’
     operator<<(basic_ostream<_CharT, _Traits>& __os, const error_code& __e)
     ^~~~~~~~
/usr/include/c++/8/system_error:217:5: note:   template argument deduction/substitution failed:
/home/loay/eclipse-workspace/GettingStarted/GettingStarted.cpp:15:41: note:   cannot convert ‘*(const std::type_info*)(& _ZTIf)’ (type ‘const std::type_info’) to type ‘const std::error_code&’
  std::cout << i << std::endl << "\t" << typeid(i);
                                         ^~~~~~~~~
In file included from /usr/include/c++/8/iostream:39,
                 from /home/loay/eclipse-workspace/GettingStarted/GettingStarted.cpp:1:
/usr/include/c++/8/ostream:500:5: note: candidate: ‘template<class _CharT, class _Traits> std::basic_ostream<_CharT, _Traits>& std::operator<<(std::basic_ostream<_CharT, _Traits>&, _CharT)’
     operator<<(basic_ostream<_CharT, _Traits>& __out, _CharT __c)
     ^~~~~~~~
/usr/include/c++/8/ostream:500:5: note:   template argument deduction/substitution failed:
/home/loay/eclipse-workspace/GettingStarted/GettingStarted.cpp:15:49: note:   deduced conflicting types for parameter ‘_CharT’ (‘char’ and ‘std::type_info’)
  std::cout << i << std::endl << "\t" << typeid(i);
                                                 ^
In file included from /usr/include/c++/8/iostream:39,
                 from /home/loay/eclipse-workspace/GettingStarted/GettingStarted.cpp:1:
/usr/include/c++/8/ostream:505:5: note: candidate: ‘template<class _CharT, class _Traits> std::basic_ostream<_CharT, _Traits>& std::operator<<(std::basic_ostream<_CharT, _Traits>&, char)’
     operator<<(basic_ostream<_CharT, _Traits>& __out, char __c)
     ^~~~~~~~
/usr/include/c++/8/ostream:505:5: note:   template argument deduction/substitution failed:
/home/loay/eclipse-workspace/GettingStarted/GettingStarted.cpp:15:41: note:   cannot convert ‘*(const std::type_info*)(& _ZTIf)’ (type ‘const std::type_info’) to type ‘char’
  std::cout << i << std::endl << "\t" << typeid(i);
                                         ^~~~~~~~~
In file included from /usr/include/c++/8/iostream:39,
                 from /home/loay/eclipse-workspace/GettingStarted/GettingStarted.cpp:1:
/usr/include/c++/8/ostream:511:5: note: candidate: ‘template<class _Traits> std::basic_ostream<char, _Traits>& std::operator<<(std::basic_ostream<char, _Traits>&, char)’
     operator<<(basic_ostream<char, _Traits>& __out, char __c)
     ^~~~~~~~
/usr/include/c++/8/ostream:511:5: note:   template argument deduction/substitution failed:
/home/loay/eclipse-workspace/GettingStarted/GettingStarted.cpp:15:41: note:   cannot convert ‘*(const std::type_info*)(& _ZTIf)’ (type ‘const std::type_info’) to type ‘char’
  std::cout << i << std::endl << "\t" << typeid(i);
                                         ^~~~~~~~~
In file included from /usr/include/c++/8/iostream:39,
                 from /home/loay/eclipse-workspace/GettingStarted/GettingStarted.cpp:1:
/usr/include/c++/8/ostream:517:5: note: candidate: ‘template<class _Traits> std::basic_ostream<char, _Traits>& std::operator<<(std::basic_ostream<char, _Traits>&, signed char)’
     operator<<(basic_ostream<char, _Traits>& __out, signed char __c)
     ^~~~~~~~
/usr/include/c++/8/ostream:517:5: note:   template argument deduction/substitution failed:
/home/loay/eclipse-workspace/GettingStarted/GettingStarted.cpp:15:41: note:   cannot convert ‘*(const std::type_info*)(& _ZTIf)’ (type ‘const std::type_info’) to type ‘signed char’
  std::cout << i << std::endl << "\t" << typeid(i);
                                         ^~~~~~~~~
In file included from /usr/include/c++/8/iostream:39,
                 from /home/loay/eclipse-workspace/GettingStarted/GettingStarted.cpp:1:
/usr/include/c++/8/ostream:522:5: note: candidate: ‘template<class _Traits> std::basic_ostream<char, _Traits>& std::operator<<(std::basic_ostream<char, _Traits>&, unsigned char)’
     operator<<(basic_ostream<char, _Traits>& __out, unsigned char __c)
     ^~~~~~~~
/usr/include/c++/8/ostream:522:5: note:   template argument deduction/substitution failed:
/home/loay/eclipse-workspace/GettingStarted/GettingStarted.cpp:15:41: note:   cannot convert ‘*(const std::type_info*)(& _ZTIf)’ (type ‘const std::type_info’) to type ‘unsigned char’
  std::cout << i << std::endl << "\t" << typeid(i);
                                         ^~~~~~~~~
In file included from /usr/include/c++/8/iostream:39,
                 from /home/loay/eclipse-workspace/GettingStarted/GettingStarted.cpp:1:
/usr/include/c++/8/ostream:542:5: note: candidate: ‘template<class _CharT, class _Traits> std::basic_ostream<_CharT, _Traits>& std::operator<<(std::basic_ostream<_CharT, _Traits>&, const _CharT*)’
     operator<<(basic_ostream<_CharT, _Traits>& __out, const _CharT* __s)
     ^~~~~~~~
/usr/include/c++/8/ostream:542:5: note:   template argument deduction/substitution failed:
/home/loay/eclipse-workspace/GettingStarted/GettingStarted.cpp:15:49: note:   mismatched types ‘const _CharT*’ and ‘std::type_info’
  std::cout << i << std::endl << "\t" << typeid(i);
                                                 ^
In file included from /usr/include/c++/8/ostream:696,
                 from /usr/include/c++/8/iostream:39,
                 from /home/loay/eclipse-workspace/GettingStarted/GettingStarted.cpp:1:
/usr/include/c++/8/bits/ostream.tcc:321:5: note: candidate: ‘template<class _CharT, class _Traits> std::basic_ostream<_CharT, _Traits>& std::operator<<(std::basic_ostream<_CharT, _Traits>&, const char*)’
     operator<<(basic_ostream<_CharT, _Traits>& __out, const char* __s)
     ^~~~~~~~
/usr/include/c++/8/bits/ostream.tcc:321:5: note:   template argument deduction/substitution failed:
/home/loay/eclipse-workspace/GettingStarted/GettingStarted.cpp:15:41: note:   cannot convert ‘*(const std::type_info*)(& _ZTIf)’ (type ‘const std::type_info’) to type ‘const char*’
  std::cout << i << std::endl << "\t" << typeid(i);
                                         ^~~~~~~~~
In file included from /usr/include/c++/8/iostream:39,
                 from /home/loay/eclipse-workspace/GettingStarted/GettingStarted.cpp:1:
/usr/include/c++/8/ostream:559:5: note: candidate: ‘template<class _Traits> std::basic_ostream<char, _Traits>& std::operator<<(std::basic_ostream<char, _Traits>&, const char*)’
     operator<<(basic_ostream<char, _Traits>& __out, const char* __s)
     ^~~~~~~~
/usr/include/c++/8/ostream:559:5: note:   template argument deduction/substitution failed:
/home/loay/eclipse-workspace/GettingStarted/GettingStarted.cpp:15:41: note:   cannot convert ‘*(const std::type_info*)(& _ZTIf)’ (type ‘const std::type_info’) to type ‘const char*’
  std::cout << i << std::endl << "\t" << typeid(i);
                                         ^~~~~~~~~
In file included from /usr/include/c++/8/iostream:39,
                 from /home/loay/eclipse-workspace/GettingStarted/GettingStarted.cpp:1:
/usr/include/c++/8/ostream:572:5: note: candidate: ‘template<class _Traits> std::basic_ostream<char, _Traits>& std::operator<<(std::basic_ostream<char, _Traits>&, const signed char*)’
     operator<<(basic_ostream<char, _Traits>& __out, const signed char* __s)
     ^~~~~~~~
/usr/include/c++/8/ostream:572:5: note:   template argument deduction/substitution failed:
/home/loay/eclipse-workspace/GettingStarted/GettingStarted.cpp:15:41: note:   cannot convert ‘*(const std::type_info*)(& _ZTIf)’ (type ‘const std::type_info’) to type ‘const signed char*’
  std::cout << i << std::endl << "\t" << typeid(i);
                                         ^~~~~~~~~
In file included from /usr/include/c++/8/iostream:39,
                 from /home/loay/eclipse-workspace/GettingStarted/GettingStarted.cpp:1:
/usr/include/c++/8/ostream:577:5: note: candidate: ‘template<class _Traits> std::basic_ostream<char, _Traits>& std::operator<<(std::basic_ostream<char, _Traits>&, const unsigned char*)’
     operator<<(basic_ostream<char, _Traits>& __out, const unsigned char* __s)
     ^~~~~~~~
/usr/include/c++/8/ostream:577:5: note:   template argument deduction/substitution failed:
/home/loay/eclipse-workspace/GettingStarted/GettingStarted.cpp:15:41: note:   cannot convert ‘*(const std::type_info*)(& _ZTIf)’ (type ‘const std::type_info’) to type ‘const unsigned char*’
  std::cout << i << std::endl << "\t" << typeid(i);
                                         ^~~~~~~~~
In file included from /usr/include/c++/8/iostream:39,
                 from /home/loay/eclipse-workspace/GettingStarted/GettingStarted.cpp:1:
/usr/include/c++/8/ostream:685:5: note: candidate: ‘template<class _Ostream, class _Tp> typename std::enable_if<std::__and_<std::__not_<std::is_lvalue_reference<_Tp> >, std::__is_convertible_to_basic_ostream<_Ostream>, std::__is_insertable<typename std::__is_convertible_to_basic_ostream<_Tp>::__ostream_type, const _Tp&, void> >::value, typename std::__is_convertible_to_basic_ostream<_Tp>::__ostream_type>::type std::operator<<(_Ostream&&, const _Tp&)’
     operator<<(_Ostream&& __os, const _Tp& __x)
     ^~~~~~~~
/usr/include/c++/8/ostream:685:5: note:   template argument deduction/substitution failed:
/usr/include/c++/8/ostream: In substitution of ‘template<class _Ostream, class _Tp> typename std::enable_if<std::__and_<std::__not_<std::is_lvalue_reference<_Tp> >, std::__is_convertible_to_basic_ostream<_Ostream>, std::__is_insertable<typename std::__is_convertible_to_basic_ostream<_Tp>::__ostream_type, const _Tp&, void> >::value, typename std::__is_convertible_to_basic_ostream<_Tp>::__ostream_type>::type std::operator<<(_Ostream&&, const _Tp&) [with _Ostream = std::basic_ostream<char>&; _Tp = std::type_info]’:
/home/loay/eclipse-workspace/GettingStarted/GettingStarted.cpp:15:49:   required from here
/usr/include/c++/8/ostream:685:5: error: no type named ‘type’ in ‘struct std::enable_if<false, std::basic_ostream<char>&>’
make: *** [../../Makefile:19: GettingStarted.o] Error 1
Build complete (3 errors, 0 warnings): /home/loay/eclipse-workspace/GettingStarted/build/default
Building in: /home/loay/eclipse-workspace/GettingStarted/build/default
make -f ../../Makefile
g++ -c -O2   -o GettingStarted.o /home/loay/eclipse-workspace/GettingStarted/GettingStarted.cpp
g++ -o GettingStarted GettingStarted.o
Build complete (0 errors, 0 warnings): /home/loay/eclipse-workspace/GettingStarted/build/default
Building in: /home/loay/eclipse-workspace/GettingStarted/build/default
make -f ../../Makefile
make: Nothing to be done for 'all'.
Build complete (0 errors, 0 warnings): /home/loay/eclipse-workspace/GettingStarted/build/default
Building in: /home/loay/eclipse-workspace/GettingStarted/build/default
make -f ../../Makefile
g++ -c -O2   -o GettingStarted.o /home/loay/eclipse-workspace/GettingStarted/GettingStarted.cpp
g++ -o GettingStarted GettingStarted.o
Build complete (0 errors, 0 warnings): /home/loay/eclipse-workspace/GettingStarted/build/default
Building in: /home/loay/eclipse-workspace/GettingStarted/build/default
make -f ../../Makefile
make: Nothing to be done for 'all'.
Build complete (0 errors, 0 warnings): /home/loay/eclipse-workspace/GettingStarted/build/default
Building in: /home/loay/eclipse-workspace/GettingStarted/build/default
make -f ../../Makefile
make: Nothing to be done for 'all'.
Build complete (0 errors, 0 warnings): /home/loay/eclipse-workspace/GettingStarted/build/default
Building in: /home/loay/eclipse-workspace/GettingStarted/build/default
make -f ../../Makefile
g++ -c -O2   -o GettingStarted.o /home/loay/eclipse-workspace/GettingStarted/GettingStarted.cpp
g++ -o GettingStarted GettingStarted.o
Build complete (0 errors, 0 warnings): /home/loay/eclipse-workspace/GettingStarted/build/default
Building in: /home/loay/eclipse-workspace/GettingStarted/build/default
make -f ../../Makefile
make: Nothing to be done for 'all'.
Build complete (0 errors, 0 warnings): /home/loay/eclipse-workspace/GettingStarted/build/default
Building in: /home/loay/eclipse-workspace/GettingStarted/build/default
make -f ../../Makefile
g++ -c -O2   -o GettingStarted.o /home/loay/eclipse-workspace/GettingStarted/GettingStarted.cpp
/home/loay/eclipse-workspace/GettingStarted/GettingStarted.cpp: In function ‘int main(int, char**)’:
/home/loay/eclipse-workspace/GettingStarted/GettingStarted.cpp:16:10: error: cannot bind non-const lvalue reference of type ‘std::__cxx11::string&’ {aka ‘std::__cxx11::basic_string<char>&’} to an rvalue of type ‘std::__cxx11::string’ {aka ‘std::__cxx11::basic_string<char>’}
  p.print("hello");
          ^~~~~~~
In file included from /usr/include/c++/8/string:52,
                 from /usr/include/c++/8/bits/locale_classes.h:40,
                 from /usr/include/c++/8/bits/ios_base.h:41,
                 from /usr/include/c++/8/ios:42,
                 from /usr/include/c++/8/ostream:38,
                 from /usr/include/c++/8/iostream:39,
                 from /home/loay/eclipse-workspace/GettingStarted/GettingStarted.cpp:1:
/usr/include/c++/8/bits/basic_string.h:514:7: note:   after user-defined conversion: ‘std::__cxx11::basic_string<_CharT, _Traits, _Alloc>::basic_string(const _CharT*, const _Alloc&) [with _CharT = char; _Traits = std::char_traits<char>; _Alloc = std::allocator<char>]’
       basic_string(const _CharT* __s, const _Alloc& __a = _Alloc())
       ^~~~~~~~~~~~
/home/loay/eclipse-workspace/GettingStarted/GettingStarted.cpp:6:7: note:   initializing argument 1 of ‘void Person::print(std::__cxx11::string&)’
  void print(std::string &name){
       ^~~~~
make: *** [../../Makefile:19: GettingStarted.o] Error 1
Build complete (2 errors, 0 warnings): /home/loay/eclipse-workspace/GettingStarted/build/default
Building in: /home/loay/eclipse-workspace/GettingStarted/build/default
make -f ../../Makefile
g++ -c -O2   -o GettingStarted.o /home/loay/eclipse-workspace/GettingStarted/GettingStarted.cpp
g++ -o GettingStarted GettingStarted.o
Build complete (0 errors, 0 warnings): /home/loay/eclipse-workspace/GettingStarted/build/default
Building in: /home/loay/eclipse-workspace/GettingStarted/build/default
make -f ../../Makefile
g++ -c -O2   -o GettingStarted.o /home/loay/eclipse-workspace/GettingStarted/GettingStarted.cpp
/home/loay/eclipse-workspace/GettingStarted/GettingStarted.cpp: In function ‘int main(int, char**)’:
/home/loay/eclipse-workspace/GettingStarted/GettingStarted.cpp:25:5: error: no match for ‘operator>>’ (operand types are ‘int’ and ‘std::istream’ {aka ‘std::basic_istream<char>’})
   n >> std::cin;
   ~~^~~~~~
/home/loay/eclipse-workspace/GettingStarted/GettingStarted.cpp:25:5: note: candidate: ‘operator>>(int, int)’ <built-in>
/home/loay/eclipse-workspace/GettingStarted/GettingStarted.cpp:25:5: note:   no known conversion for argument 2 from ‘std::istream’ {aka ‘std::basic_istream<char>’} to ‘int’
In file included from /usr/include/c++/8/string:53,
                 from /usr/include/c++/8/bits/locale_classes.h:40,
                 from /usr/include/c++/8/bits/ios_base.h:41,
                 from /usr/include/c++/8/ios:42,
                 from /usr/include/c++/8/ostream:38,
                 from /usr/include/c++/8/iostream:39,
                 from /home/loay/eclipse-workspace/GettingStarted/GettingStarted.cpp:1:
/usr/include/c++/8/bits/basic_string.tcc:1465:5: note: candidate: ‘template<class _CharT, class _Traits, class _Alloc> std::basic_istream<_CharT, _Traits>& std::operator>>(std::basic_istream<_CharT, _Traits>&, std::__cxx11::basic_string<_CharT, _Traits, _Alloc>&)’
     operator>>(basic_istream<_CharT, _Traits>& __in,
     ^~~~~~~~
/usr/include/c++/8/bits/basic_string.tcc:1465:5: note:   template argument deduction/substitution failed:
/home/loay/eclipse-workspace/GettingStarted/GettingStarted.cpp:25:13: note:   mismatched types ‘std::basic_istream<_CharT, _Traits>’ and ‘int’
   n >> std::cin;
             ^~~
In file included from /usr/include/c++/8/istream:991,
                 from /usr/include/c++/8/iostream:40,
                 from /home/loay/eclipse-workspace/GettingStarted/GettingStarted.cpp:1:
/usr/include/c++/8/bits/istream.tcc:931:5: note: candidate: ‘template<class _CharT, class _Traits> std::basic_istream<_CharT, _Traits>& std::operator>>(std::basic_istream<_CharT, _Traits>&, _CharT&)’
     operator>>(basic_istream<_CharT, _Traits>& __in, _CharT& __c)
     ^~~~~~~~
/usr/include/c++/8/bits/istream.tcc:931:5: note:   template argument deduction/substitution failed:
/home/loay/eclipse-workspace/GettingStarted/GettingStarted.cpp:25:13: note:   mismatched types ‘std::basic_istream<_CharT, _Traits>’ and ‘int’
   n >> std::cin;
             ^~~
In file included from /usr/include/c++/8/iostream:40,
                 from /home/loay/eclipse-workspace/GettingStarted/GettingStarted.cpp:1:
/usr/include/c++/8/istream:756:5: note: candidate: ‘template<class _Traits> std::basic_istream<char, _Traits>& std::operator>>(std::basic_istream<char, _Traits>&, unsigned char&)’
     operator>>(basic_istream<char, _Traits>& __in, unsigned char& __c)
     ^~~~~~~~
/usr/include/c++/8/istream:756:5: note:   template argument deduction/substitution failed:
/home/loay/eclipse-workspace/GettingStarted/GettingStarted.cpp:25:13: note:   mismatched types ‘std::basic_istream<char, _Traits>’ and ‘int’
   n >> std::cin;
             ^~~
In file included from /usr/include/c++/8/iostream:40,
                 from /home/loay/eclipse-workspace/GettingStarted/GettingStarted.cpp:1:
/usr/include/c++/8/istream:761:5: note: candidate: ‘template<class _Traits> std::basic_istream<char, _Traits>& std::operator>>(std::basic_istream<char, _Traits>&, signed char&)’
     operator>>(basic_istream<char, _Traits>& __in, signed char& __c)
     ^~~~~~~~
/usr/include/c++/8/istream:761:5: note:   template argument deduction/substitution failed:
/home/loay/eclipse-workspace/GettingStarted/GettingStarted.cpp:25:13: note:   mismatched types ‘std::basic_istream<char, _Traits>’ and ‘int’
   n >> std::cin;
             ^~~
In file included from /usr/include/c++/8/istream:991,
                 from /usr/include/c++/8/iostream:40,
                 from /home/loay/eclipse-workspace/GettingStarted/GettingStarted.cpp:1:
/usr/include/c++/8/bits/istream.tcc:963:5: note: candidate: ‘template<class _CharT2, class _Traits2> std::basic_istream<_CharT, _Traits>& std::operator>>(std::basic_istream<_CharT, _Traits>&, _CharT2*)’
     operator>>(basic_istream<_CharT, _Traits>& __in, _CharT* __s)
     ^~~~~~~~
/usr/include/c++/8/bits/istream.tcc:963:5: note:   template argument deduction/substitution failed:
/home/loay/eclipse-workspace/GettingStarted/GettingStarted.cpp:25:13: note:   mismatched types ‘std::basic_istream<_CharT, _Traits>’ and ‘int’
   n >> std::cin;
             ^~~
In file included from /usr/include/c++/8/iostream:40,
                 from /home/loay/eclipse-workspace/GettingStarted/GettingStarted.cpp:1:
/usr/include/c++/8/istream:803:5: note: candidate: ‘template<class _Traits> std::basic_istream<char, _Traits>& std::operator>>(std::basic_istream<char, _Traits>&, unsigned char*)’
     operator>>(basic_istream<char, _Traits>& __in, unsigned char* __s)
     ^~~~~~~~
/usr/include/c++/8/istream:803:5: note:   template argument deduction/substitution failed:
/home/loay/eclipse-workspace/GettingStarted/GettingStarted.cpp:25:13: note:   mismatched types ‘std::basic_istream<char, _Traits>’ and ‘int’
   n >> std::cin;
             ^~~
In file included from /usr/include/c++/8/iostream:40,
                 from /home/loay/eclipse-workspace/GettingStarted/GettingStarted.cpp:1:
/usr/include/c++/8/istream:808:5: note: candidate: ‘template<class _Traits> std::basic_istream<char, _Traits>& std::operator>>(std::basic_istream<char, _Traits>&, signed char*)’
     operator>>(basic_istream<char, _Traits>& __in, signed char* __s)
     ^~~~~~~~
/usr/include/c++/8/istream:808:5: note:   template argument deduction/substitution failed:
/home/loay/eclipse-workspace/GettingStarted/GettingStarted.cpp:25:13: note:   mismatched types ‘std::basic_istream<char, _Traits>’ and ‘int’
   n >> std::cin;
             ^~~
In file included from /usr/include/c++/8/iostream:40,
                 from /home/loay/eclipse-workspace/GettingStarted/GettingStarted.cpp:1:
/usr/include/c++/8/istream:980:5: note: candidate: ‘template<class _Istream, class _Tp> typename std::enable_if<std::__and_<std::__not_<std::is_lvalue_reference<_Tp> >, std::__is_convertible_to_basic_istream<_Istream>, std::__is_extractable<typename std::__is_convertible_to_basic_istream<_Tp>::__istream_type, _Tp&&, void> >::value, typename std::__is_convertible_to_basic_istream<_Tp>::__istream_type>::type std::operator>>(_Istream&&, _Tp&&)’
     operator>>(_Istream&& __is, _Tp&& __x)
     ^~~~~~~~
/usr/include/c++/8/istream:980:5: note:   template argument deduction/substitution failed:
/usr/include/c++/8/istream: In substitution of ‘template<class _Istream, class _Tp> typename std::enable_if<std::__and_<std::__not_<std::is_lvalue_reference<_Tp> >, std::__is_convertible_to_basic_istream<_Istream>, std::__is_extractable<typename std::__is_convertible_to_basic_istream<_Tp>::__istream_type, _Tp&&, void> >::value, typename std::__is_convertible_to_basic_istream<_Tp>::__istream_type>::type std::operator>>(_Istream&&, _Tp&&) [with _Istream = int&; _Tp = std::basic_istream<char>&]’:
/home/loay/eclipse-workspace/GettingStarted/GettingStarted.cpp:25:13:   required from here
/usr/include/c++/8/istream:980:5: error: no type named ‘type’ in ‘struct std::enable_if<false, void>’
make: *** [../../Makefile:19: GettingStarted.o] Error 1
Build complete (3 errors, 0 warnings): /home/loay/eclipse-workspace/GettingStarted/build/default
Building in: /home/loay/eclipse-workspace/GettingStarted/build/default
make -f ../../Makefile
g++ -c -O2   -o GettingStarted.o /home/loay/eclipse-workspace/GettingStarted/GettingStarted.cpp
g++ -o GettingStarted GettingStarted.o
Build complete (0 errors, 0 warnings): /home/loay/eclipse-workspace/GettingStarted/build/default
Building in: /home/loay/eclipse-workspace/GettingStarted/build/default
make -f ../../Makefile
make: Nothing to be done for 'all'.
Build complete (0 errors, 0 warnings): /home/loay/eclipse-workspace/GettingStarted/build/default
Building in: /home/loay/eclipse-workspace/GettingStarted/build/default
make -f ../../Makefile
g++ -c -O2   -o GettingStarted.o /home/loay/eclipse-workspace/GettingStarted/GettingStarted.cpp
g++ -o GettingStarted GettingStarted.o
Build complete (0 errors, 0 warnings): /home/loay/eclipse-workspace/GettingStarted/build/default
Building in: /home/loay/eclipse-workspace/GettingStarted/build/default
make -f ../../Makefile
make: Nothing to be done for 'all'.
Build complete (0 errors, 0 warnings): /home/loay/eclipse-workspace/GettingStarted/build/default
Building in: /home/loay/eclipse-workspace/GettingStarted/build/default
make -f ../../Makefile
g++ -c -O2   -o GettingStarted.o /home/loay/eclipse-workspace/GettingStarted/GettingStarted.cpp
g++ -o GettingStarted GettingStarted.o
Build complete (0 errors, 0 warnings): /home/loay/eclipse-workspace/GettingStarted/build/default
Building in: /home/loay/eclipse-workspace/GettingStarted/build/default
make -f ../../Makefile
make: Nothing to be done for 'all'.
Build complete (0 errors, 0 warnings): /home/loay/eclipse-workspace/GettingStarted/build/default
Building in: /home/loay/eclipse-workspace/GettingStarted/build/default
make -f ../../Makefile
g++ -c -O2   -o GettingStarted.o /home/loay/eclipse-workspace/GettingStarted/GettingStarted.cpp
g++ -o GettingStarted GettingStarted.o
Build complete (0 errors, 0 warnings): /home/loay/eclipse-workspace/GettingStarted/build/default
Building in: /home/loay/eclipse-workspace/GettingStarted/build/default
make -f ../../Makefile
make: Nothing to be done for 'all'.
Build complete (0 errors, 0 warnings): /home/loay/eclipse-workspace/GettingStarted/build/default
Building in: /home/loay/eclipse-workspace/GettingStarted/build/default
make -f ../../Makefile
g++ -c -O2   -o GettingStarted.o /home/loay/eclipse-workspace/GettingStarted/GettingStarted.cpp
g++ -o GettingStarted GettingStarted.o
Build complete (0 errors, 0 warnings): /home/loay/eclipse-workspace/GettingStarted/build/default
Building in: /home/loay/eclipse-workspace/GettingStarted/build/default
make -f ../../Makefile
make: Nothing to be done for 'all'.
Build complete (0 errors, 0 warnings): /home/loay/eclipse-workspace/GettingStarted/build/default
Building in: /home/loay/eclipse-workspace/GettingStarted/build/default
make -f ../../Makefile
g++ -c -O2   -o GettingStarted.o /home/loay/eclipse-workspace/GettingStarted/GettingStarted.cpp
g++ -o GettingStarted GettingStarted.o
Build complete (0 errors, 0 warnings): /home/loay/eclipse-workspace/GettingStarted/build/default
Building in: /home/loay/eclipse-workspace/GettingStarted/build/default
make -f ../../Makefile
make: Nothing to be done for 'all'.
Build complete (0 errors, 0 warnings): /home/loay/eclipse-workspace/GettingStarted/build/default
Building in: /home/loay/eclipse-workspace/GettingStarted/build/default
make -f ../../Makefile
g++ -c -O2   -o GettingStarted.o /home/loay/eclipse-workspace/GettingStarted/GettingStarted.cpp
/home/loay/eclipse-workspace/GettingStarted/GettingStarted.cpp: In function ‘int main(int, char**)’:
/home/loay/eclipse-workspace/GettingStarted/GettingStarted.cpp:18:15: error: ‘f’ was not declared in this scope
  std::cout << f << std::endl;
               ^
make: *** [../../Makefile:19: GettingStarted.o] Error 1
Build complete (2 errors, 0 warnings): /home/loay/eclipse-workspace/GettingStarted/build/default
Building in: /home/loay/eclipse-workspace/GettingStarted/build/default
make -f ../../Makefile
g++ -c -O2   -o GettingStarted.o /home/loay/eclipse-workspace/GettingStarted/GettingStarted.cpp
g++ -o GettingStarted GettingStarted.o
Build complete (0 errors, 0 warnings): /home/loay/eclipse-workspace/GettingStarted/build/default
Building in: /home/loay/eclipse-workspace/GettingStarted/build/default
make -f ../../Makefile
make: Nothing to be done for 'all'.
Build complete (0 errors, 0 warnings): /home/loay/eclipse-workspace/GettingStarted/build/default
Building in: /home/loay/eclipse-workspace/StringCollections/build/default
make -f ../../Makefile
g++ -c -O2   -o StringCollections.o /home/loay/eclipse-workspace/StringCollections/StringCollections.cpp
g++ -o StringCollections StringCollections.o
Build complete (0 errors, 0 warnings): /home/loay/eclipse-workspace/StringCollections/build/default
Building in: /home/loay/eclipse-workspace/StringCollections/build/default
make -f ../../Makefile
make: Nothing to be done for 'all'.
Build complete (0 errors, 0 warnings): /home/loay/eclipse-workspace/StringCollections/build/default
Building in: /home/loay/eclipse-workspace/StringCollections/build/default
make -f ../../Makefile
make: Nothing to be done for 'all'.
Build complete (0 errors, 0 warnings): /home/loay/eclipse-workspace/StringCollections/build/default
Building in: /home/loay/eclipse-workspace/StringCollections/build/default
make -f ../../Makefile
make: Nothing to be done for 'all'.
Build complete (0 errors, 0 warnings): /home/loay/eclipse-workspace/StringCollections/build/default
Building in: /home/loay/eclipse-workspace/GettingStarted/build/default
make -f ../../Makefile
make: Nothing to be done for 'all'.
Build complete (0 errors, 0 warnings): /home/loay/eclipse-workspace/GettingStarted/build/default
Building in: /home/loay/eclipse-workspace/StringCollections/build/default
make -f ../../Makefile
g++ -c -O2   -o StringCollections.o /home/loay/eclipse-workspace/StringCollections/StringCollections.cpp
g++ -o StringCollections StringCollections.o
Build complete (0 errors, 0 warnings): /home/loay/eclipse-workspace/StringCollections/build/default
Building in: /home/loay/eclipse-workspace/StringCollections/build/default
make -f ../../Makefile
make: Nothing to be done for 'all'.
Build complete (0 errors, 0 warnings): /home/loay/eclipse-workspace/StringCollections/build/default
Building in: /home/loay/eclipse-workspace/StringCollections/build/default
make -f ../../Makefile
make: Nothing to be done for 'all'.
Build complete (0 errors, 0 warnings): /home/loay/eclipse-workspace/StringCollections/build/default
Building in: /home/loay/eclipse-workspace/GettingStarted/build/default
make -f ../../Makefile
make: Nothing to be done for 'all'.
Build complete (0 errors, 0 warnings): /home/loay/eclipse-workspace/GettingStarted/build/default
Building in: /home/loay/eclipse-workspace/StringCollections/build/default
make -f ../../Makefile
g++ -c -O2   -o StringCollections.o /home/loay/eclipse-workspace/StringCollections/StringCollections.cpp
g++ -o StringCollections StringCollections.o
Build complete (0 errors, 0 warnings): /home/loay/eclipse-workspace/StringCollections/build/default
Building in: /home/loay/eclipse-workspace/StringCollections/build/default
make -f ../../Makefile
make: Nothing to be done for 'all'.
Build complete (0 errors, 0 warnings): /home/loay/eclipse-workspace/StringCollections/build/default
Building in: /home/loay/eclipse-workspace/GettingStarted/build/default
make -f ../../Makefile
make: Nothing to be done for 'all'.
Build complete (0 errors, 0 warnings): /home/loay/eclipse-workspace/GettingStarted/build/default
Building in: /home/loay/eclipse-workspace/StringCollections/build/default
make -f ../../Makefile
g++ -c -O2   -o StringCollections.o /home/loay/eclipse-workspace/StringCollections/StringCollections.cpp
/home/loay/eclipse-workspace/StringCollections/StringCollections.cpp:23:1: error: expected unqualified-id before ‘{’ token
 {
 ^
make: *** [../../Makefile:19: StringCollections.o] Error 1
Build complete (2 errors, 0 warnings): /home/loay/eclipse-workspace/StringCollections/build/default
Building in: /home/loay/eclipse-workspace/GettingStarted/build/default
make -f ../../Makefile
make: Nothing to be done for 'all'.
Build complete (0 errors, 0 warnings): /home/loay/eclipse-workspace/GettingStarted/build/default
Building in: /home/loay/eclipse-workspace/StringCollections/build/default
make -f ../../Makefile
g++ -c -O2   -o StringCollections.o /home/loay/eclipse-workspace/StringCollections/StringCollections.cpp
/home/loay/eclipse-workspace/StringCollections/StringCollections.cpp:24:20: error: expected ‘;’ before ‘{’ token
 using namespace std{
                    ^
                    ;
/home/loay/eclipse-workspace/StringCollections/StringCollections.cpp:24:20: error: expected unqualified-id before ‘{’ token
make: *** [../../Makefile:19: StringCollections.o] Error 1
Build complete (3 errors, 0 warnings): /home/loay/eclipse-workspace/StringCollections/build/default
Building in: /home/loay/eclipse-workspace/GettingStarted/build/default
make -f ../../Makefile
make: Nothing to be done for 'all'.
Build complete (0 errors, 0 warnings): /home/loay/eclipse-workspace/GettingStarted/build/default
Building in: /home/loay/eclipse-workspace/StringCollections/build/default
make -f ../../Makefile
g++ -c -O2   -o StringCollections.o /home/loay/eclipse-workspace/StringCollections/StringCollections.cpp
/home/loay/eclipse-workspace/StringCollections/StringCollections.cpp: In function ‘int main(int, char**)’:
/home/loay/eclipse-workspace/StringCollections/StringCollections.cpp:7:17: error: expected ‘;’ before ‘<’ token
  for (int i=0, i < vi.size(), i++){
                 ^~
                 ;
/home/loay/eclipse-workspace/StringCollections/StringCollections.cpp:7:18: error: expected primary-expression before ‘<’ token
  for (int i=0, i < vi.size(), i++){
                  ^
/home/loay/eclipse-workspace/StringCollections/StringCollections.cpp:7:34: error: expected ‘;’ before ‘)’ token
  for (int i=0, i < vi.size(), i++){
                                  ^
                                  ;
make: *** [../../Makefile:19: StringCollections.o] Error 1
Build complete (4 errors, 0 warnings): /home/loay/eclipse-workspace/StringCollections/build/default
Building in: /home/loay/eclipse-workspace/GettingStarted/build/default
make -f ../../Makefile
make: Nothing to be done for 'all'.
Build complete (0 errors, 0 warnings): /home/loay/eclipse-workspace/GettingStarted/build/default
Building in: /home/loay/eclipse-workspace/StringCollections/build/default
make -f ../../Makefile
g++ -c -O2   -o StringCollections.o /home/loay/eclipse-workspace/StringCollections/StringCollections.cpp
g++ -o StringCollections StringCollections.o
Build complete (0 errors, 0 warnings): /home/loay/eclipse-workspace/StringCollections/build/default
Building in: /home/loay/eclipse-workspace/StringCollections/build/default
make -f ../../Makefile
make: Nothing to be done for 'all'.
Build complete (0 errors, 0 warnings): /home/loay/eclipse-workspace/StringCollections/build/default
Building in: /home/loay/eclipse-workspace/GettingStarted/build/default
make -f ../../Makefile
make: Nothing to be done for 'all'.
Build complete (0 errors, 0 warnings): /home/loay/eclipse-workspace/GettingStarted/build/default
Building in: /home/loay/eclipse-workspace/StringCollections/build/default
make -f ../../Makefile
g++ -c -O2   -o StringCollections.o /home/loay/eclipse-workspace/StringCollections/StringCollections.cpp
g++ -o StringCollections StringCollections.o
Build complete (0 errors, 0 warnings): /home/loay/eclipse-workspace/StringCollections/build/default
Building in: /home/loay/eclipse-workspace/StringCollections/build/default
make -f ../../Makefile
make: Nothing to be done for 'all'.
Build complete (0 errors, 0 warnings): /home/loay/eclipse-workspace/StringCollections/build/default
Building in: /home/loay/eclipse-workspace/GettingStarted/build/default
make -f ../../Makefile
make: Nothing to be done for 'all'.
Build complete (0 errors, 0 warnings): /home/loay/eclipse-workspace/GettingStarted/build/default
Building in: /home/loay/eclipse-workspace/StringCollections/build/default
make -f ../../Makefile
g++ -c -O2   -o StringCollections.o /home/loay/eclipse-workspace/StringCollections/StringCollections.cpp
g++ -o StringCollections StringCollections.o
Build complete (0 errors, 0 warnings): /home/loay/eclipse-workspace/StringCollections/build/default
Building in: /home/loay/eclipse-workspace/StringCollections/build/default
make -f ../../Makefile
make: Nothing to be done for 'all'.
Build complete (0 errors, 0 warnings): /home/loay/eclipse-workspace/StringCollections/build/default
Building in: /home/loay/eclipse-workspace/GettingStarted/build/default
make -f ../../Makefile
make: Nothing to be done for 'all'.
Build complete (0 errors, 0 warnings): /home/loay/eclipse-workspace/GettingStarted/build/default
Building in: /home/loay/eclipse-workspace/StringCollections/build/default
make -f ../../Makefile
g++ -c -O2   -o StringCollections.o /home/loay/eclipse-workspace/StringCollections/StringCollections.cpp
g++ -o StringCollections StringCollections.o
Build complete (0 errors, 0 warnings): /home/loay/eclipse-workspace/StringCollections/build/default
Building in: /home/loay/eclipse-workspace/StringCollections/build/default
make -f ../../Makefile
make: Nothing to be done for 'all'.
Build complete (0 errors, 0 warnings): /home/loay/eclipse-workspace/StringCollections/build/default
Building in: /home/loay/eclipse-workspace/GettingStarted/build/default
make -f ../../Makefile
make: Nothing to be done for 'all'.
Build complete (0 errors, 0 warnings): /home/loay/eclipse-workspace/GettingStarted/build/default
Building in: /home/loay/eclipse-workspace/StringCollections/build/default
make -f ../../Makefile
g++ -c -O2   -o StringCollections.o /home/loay/eclipse-workspace/StringCollections/StringCollections.cpp
g++ -o StringCollections StringCollections.o
Build complete (0 errors, 0 warnings): /home/loay/eclipse-workspace/StringCollections/build/default
Building in: /home/loay/eclipse-workspace/StringCollections/build/default
make -f ../../Makefile
make: Nothing to be done for 'all'.
Build complete (0 errors, 0 warnings): /home/loay/eclipse-workspace/StringCollections/build/default
Building in: /home/loay/eclipse-workspace/GettingStarted/build/default
make -f ../../Makefile
make: Nothing to be done for 'all'.
Build complete (0 errors, 0 warnings): /home/loay/eclipse-workspace/GettingStarted/build/default
Building in: /home/loay/eclipse-workspace/StringCollections/build/default
make -f ../../Makefile
g++ -c -O2   -o StringCollections.o /home/loay/eclipse-workspace/StringCollections/StringCollections.cpp
g++ -o StringCollections StringCollections.o
Build complete (0 errors, 0 warnings): /home/loay/eclipse-workspace/StringCollections/build/default
Building in: /home/loay/eclipse-workspace/StringCollections/build/default
make -f ../../Makefile
make: Nothing to be done for 'all'.
Build complete (0 errors, 0 warnings): /home/loay/eclipse-workspace/StringCollections/build/default
Building in: /home/loay/eclipse-workspace/GettingStarted/build/default
make -f ../../Makefile
make: Nothing to be done for 'all'.
Build complete (0 errors, 0 warnings): /home/loay/eclipse-workspace/GettingStarted/build/default
Building in: /home/loay/eclipse-workspace/StringCollections/build/default
make -f ../../Makefile
g++ -c -O2   -o StringCollections.o /home/loay/eclipse-workspace/StringCollections/StringCollections.cpp
g++ -o StringCollections StringCollections.o
Build complete (0 errors, 0 warnings): /home/loay/eclipse-workspace/StringCollections/build/default
Building in: /home/loay/eclipse-workspace/StringCollections/build/default
make -f ../../Makefile
make: Nothing to be done for 'all'.
Build complete (0 errors, 0 warnings): /home/loay/eclipse-workspace/StringCollections/build/default
Building in: /home/loay/eclipse-workspace/StringCollections/build/default
make -f ../../Makefile
g++ -c -O2   -o StringCollections.o /home/loay/eclipse-workspace/StringCollections/StringCollections.cpp
g++ -o StringCollections StringCollections.o
Build complete (0 errors, 0 warnings): /home/loay/eclipse-workspace/StringCollections/build/default
Building in: /home/loay/eclipse-workspace/GettingStarted/build/default
make -f ../../Makefile
make: Nothing to be done for 'all'.
Build complete (0 errors, 0 warnings): /home/loay/eclipse-workspace/GettingStarted/build/default
Building in: /home/loay/eclipse-workspace/StringCollections/build/default
make -f ../../Makefile
make: Nothing to be done for 'all'.
Build complete (0 errors, 0 warnings): /home/loay/eclipse-workspace/StringCollections/build/default
Building in: /home/loay/eclipse-workspace/StringCollections/build/default
make -f ../../Makefile
make: Nothing to be done for 'all'.
Build complete (0 errors, 0 warnings): /home/loay/eclipse-workspace/StringCollections/build/default
Building in: /home/loay/eclipse-workspace/GettingStarted/build/default
make -f ../../Makefile
make: Nothing to be done for 'all'.
Build complete (0 errors, 0 warnings): /home/loay/eclipse-workspace/GettingStarted/build/default
Building in: /home/loay/eclipse-workspace/StringCollections/build/default
make -f ../../Makefile
g++ -c -O2   -o StringCollections.o /home/loay/eclipse-workspace/StringCollections/StringCollections.cpp
g++ -o StringCollections StringCollections.o
Build complete (0 errors, 0 warnings): /home/loay/eclipse-workspace/StringCollections/build/default
Building in: /home/loay/eclipse-workspace/GettingStarted/build/default
make -f ../../Makefile
make: Nothing to be done for 'all'.
Build complete (0 errors, 0 warnings): /home/loay/eclipse-workspace/GettingStarted/build/default
Building in: /home/loay/eclipse-workspace/StringCollections/build/default
make -f ../../Makefile
g++ -c -O2   -o StringCollections.o /home/loay/eclipse-workspace/StringCollections/StringCollections.cpp
g++ -o StringCollections StringCollections.o
Build complete (0 errors, 0 warnings): /home/loay/eclipse-workspace/StringCollections/build/default
Building in: /home/loay/eclipse-workspace/StringCollections/build/default
make -f ../../Makefile
make: Nothing to be done for 'all'.
Build complete (0 errors, 0 warnings): /home/loay/eclipse-workspace/StringCollections/build/default
Building in: /home/loay/eclipse-workspace/GettingStarted/build/default
make -f ../../Makefile
make: Nothing to be done for 'all'.
Build complete (0 errors, 0 warnings): /home/loay/eclipse-workspace/GettingStarted/build/default
Building in: /home/loay/eclipse-workspace/StringCollections/build/default
make -f ../../Makefile
g++ -c -O2   -o StringCollections.o /home/loay/eclipse-workspace/StringCollections/StringCollections.cpp
g++ -o StringCollections StringCollections.o
Build complete (0 errors, 0 warnings): /home/loay/eclipse-workspace/StringCollections/build/default
Building in: /home/loay/eclipse-workspace/StringCollections/build/default
make -f ../../Makefile
make: Nothing to be done for 'all'.
Build complete (0 errors, 0 warnings): /home/loay/eclipse-workspace/StringCollections/build/default
Building in: /home/loay/eclipse-workspace/GettingStarted/build/default
make -f ../../Makefile
make: Nothing to be done for 'all'.
Build complete (0 errors, 0 warnings): /home/loay/eclipse-workspace/GettingStarted/build/default
Building in: /home/loay/eclipse-workspace/StringCollections/build/default
make -f ../../Makefile
make: Nothing to be done for 'all'.
Build complete (0 errors, 0 warnings): /home/loay/eclipse-workspace/StringCollections/build/default
Building in: /home/loay/eclipse-workspace/StringCollections/build/default
make -f ../../Makefile
make: Nothing to be done for 'all'.
Build complete (0 errors, 0 warnings): /home/loay/eclipse-workspace/StringCollections/build/default
Building in: /home/loay/eclipse-workspace/GettingStarted/build/default
make -f ../../Makefile
make: Nothing to be done for 'all'.
Build complete (0 errors, 0 warnings): /home/loay/eclipse-workspace/GettingStarted/build/default
Building in: /home/loay/eclipse-workspace/StringCollections/build/default
make -f ../../Makefile
g++ -c -O2   -o StringCollections.o /home/loay/eclipse-workspace/StringCollections/StringCollections.cpp
g++ -o StringCollections StringCollections.o
Build complete (0 errors, 0 warnings): /home/loay/eclipse-workspace/StringCollections/build/default
Building in: /home/loay/eclipse-workspace/StringCollections/build/default
make -f ../../Makefile
make: Nothing to be done for 'all'.
Build complete (0 errors, 0 warnings): /home/loay/eclipse-workspace/StringCollections/build/default
Building in: /home/loay/eclipse-workspace/StringCollections/build/make.profile.linux.x86_64
make -f ../../Makefile
../../Makefile:10: *** recipe commences before first target.  Stop.
Build complete (1 errors, 0 warnings): /home/loay/eclipse-workspace/StringCollections/build/make.profile.linux.x86_64
Building in: /home/loay/eclipse-workspace/GettingStarted/build/default
make -f ../../Makefile
make: Nothing to be done for 'all'.
Build complete (0 errors, 0 warnings): /home/loay/eclipse-workspace/GettingStarted/build/default
Building in: /home/loay/eclipse-workspace/StringCollections/build/make.profile.linux.x86_64
make -f ../../Makefile
../../Makefile:10: *** recipe commences before first target.  Stop.
Build complete (1 errors, 0 warnings): /home/loay/eclipse-workspace/StringCollections/build/make.profile.linux.x86_64
Building in: /home/loay/eclipse-workspace/StringCollections/build/make.profile.linux.x86_64
make -f ../../Makefile
../../Makefile:10: *** recipe commences before first target.  Stop.
Build complete (1 errors, 0 warnings): /home/loay/eclipse-workspace/StringCollections/build/make.profile.linux.x86_64
Building in: /home/loay/eclipse-workspace/StringCollections/build/make.profile.linux.x86_64
make -f ../../Makefile
../../Makefile:10: *** recipe commences before first target.  Stop.
Build complete (1 errors, 0 warnings): /home/loay/eclipse-workspace/StringCollections/build/make.profile.linux.x86_64
Building in: /home/loay/eclipse-workspace/StringCollections/build/make.profile.linux.x86_64
make -f ../../Makefile
../../Makefile:10: *** recipe commences before first target.  Stop.
Build complete (1 errors, 0 warnings): /home/loay/eclipse-workspace/StringCollections/build/make.profile.linux.x86_64
Building in: /home/loay/eclipse-workspace/GettingStarted/build/default
make -f ../../Makefile
make: Nothing to be done for 'all'.
Build complete (0 errors, 0 warnings): /home/loay/eclipse-workspace/GettingStarted/build/default
Building in: /home/loay/eclipse-workspace/StringCollections/build/make.profile.linux.x86_64
make -f ../../Makefile
../../Makefile:10: *** recipe commences before first target.  Stop.
Build complete (1 errors, 0 warnings): /home/loay/eclipse-workspace/StringCollections/build/make.profile.linux.x86_64
Building in: /home/loay/eclipse-workspace/StringCollections/build/make.profile.linux.x86_64
make -f ../../Makefile
../../Makefile:10: *** recipe commences before first target.  Stop.
Build complete (1 errors, 0 warnings): /home/loay/eclipse-workspace/StringCollections/build/make.profile.linux.x86_64
Building in: /home/loay/eclipse-workspace/StringCollections/build/make.profile.linux.x86_64
make -f ../../Makefile
../../Makefile:10: *** recipe commences before first target.  Stop.
Build complete (1 errors, 0 warnings): /home/loay/eclipse-workspace/StringCollections/build/make.profile.linux.x86_64
Building in: /home/loay/eclipse-workspace/StringCollections/build/make.profile.linux.x86_64
make -f ../../Makefile
../../Makefile:10: *** recipe commences before first target.  Stop.
Build complete (1 errors, 0 warnings): /home/loay/eclipse-workspace/StringCollections/build/make.profile.linux.x86_64
Building in: /home/loay/eclipse-workspace/GettingStarted/build/default
make -f ../../Makefile
make: Nothing to be done for 'all'.
Build complete (0 errors, 0 warnings): /home/loay/eclipse-workspace/GettingStarted/build/default
Building in: /home/loay/eclipse-workspace/StringCollections/build/make.profile.linux.x86_64
make -f ../../Makefile
../../Makefile:10: *** recipe commences before first target.  Stop.
Build complete (1 errors, 0 warnings): /home/loay/eclipse-workspace/StringCollections/build/make.profile.linux.x86_64
Building in: /home/loay/eclipse-workspace/GettingStarted/build/default
make -f ../../Makefile
make: Nothing to be done for 'all'.
Build complete (0 errors, 0 warnings): /home/loay/eclipse-workspace/GettingStarted/build/default
Building in: /home/loay/eclipse-workspace/StringCollections/build/make.profile.linux.x86_64
make -f ../../Makefile
../../Makefile:10: *** recipe commences before first target.  Stop.
Build complete (1 errors, 0 warnings): /home/loay/eclipse-workspace/StringCollections/build/make.profile.linux.x86_64
Building in: /home/loay/eclipse-workspace/GettingStarted/build/default
make -f ../../Makefile
make: Nothing to be done for 'all'.
Build complete (0 errors, 0 warnings): /home/loay/eclipse-workspace/GettingStarted/build/default
Building in: /home/loay/eclipse-workspace/StringCollections/build/make.profile.linux.x86_64
make -f ../../Makefile
../../Makefile:10: *** recipe commences before first target.  Stop.
Build complete (1 errors, 0 warnings): /home/loay/eclipse-workspace/StringCollections/build/make.profile.linux.x86_64
Building in: /home/loay/eclipse-workspace/GettingStarted/build/default
make -f ../../Makefile
make: Nothing to be done for 'all'.
Build complete (0 errors, 0 warnings): /home/loay/eclipse-workspace/GettingStarted/build/default
Building in: /home/loay/eclipse-workspace/StringCollections/build/make.profile.linux.x86_64
make -f ../../Makefile
../../Makefile:10: *** recipe commences before first target.  Stop.
Build complete (1 errors, 0 warnings): /home/loay/eclipse-workspace/StringCollections/build/make.profile.linux.x86_64
Building in: /home/loay/eclipse-workspace/GettingStarted/build/default
make -f ../../Makefile
make: Nothing to be done for 'all'.
Build complete (0 errors, 0 warnings): /home/loay/eclipse-workspace/GettingStarted/build/default
Building in: /home/loay/eclipse-workspace/StringCollections/build/make.profile.linux.x86_64
make -f ../../Makefile
../../Makefile:10: *** recipe commences before first target.  Stop.
Build complete (1 errors, 0 warnings): /home/loay/eclipse-workspace/StringCollections/build/make.profile.linux.x86_64
Building in: /home/loay/eclipse-workspace/GettingStarted/build/default
make -f ../../Makefile
make: Nothing to be done for 'all'.
Build complete (0 errors, 0 warnings): /home/loay/eclipse-workspace/GettingStarted/build/default
Building in: /home/loay/eclipse-workspace/StringCollections/build/make.profile.linux.x86_64
make -f ../../Makefile
../../Makefile:10: *** recipe commences before first target.  Stop.
Build complete (1 errors, 0 warnings): /home/loay/eclipse-workspace/StringCollections/build/make.profile.linux.x86_64
Building in: /home/loay/eclipse-workspace/GettingStarted/build/default
make -f ../../Makefile
make: Nothing to be done for 'all'.
Build complete (0 errors, 0 warnings): /home/loay/eclipse-workspace/GettingStarted/build/default
Building in: /home/loay/eclipse-workspace/StringCollections/build/make.profile.linux.x86_64
make -f ../../Makefile
../../Makefile:10: *** recipe commences before first target.  Stop.
Build complete (1 errors, 0 warnings): /home/loay/eclipse-workspace/StringCollections/build/make.profile.linux.x86_64
Building in: /home/loay/eclipse-workspace/GettingStarted/build/default
make -f ../../Makefile
make: Nothing to be done for 'all'.
Build complete (0 errors, 0 warnings): /home/loay/eclipse-workspace/GettingStarted/build/default
Building in: /home/loay/eclipse-workspace/StringCollections/build/make.profile.linux.x86_64
make -f ../../Makefile
../../Makefile:10: *** recipe commences before first target.  Stop.
Build complete (1 errors, 0 warnings): /home/loay/eclipse-workspace/StringCollections/build/make.profile.linux.x86_64
Building in: /home/loay/eclipse-workspace/GettingStarted/build/default
make -f ../../Makefile
make: Nothing to be done for 'all'.
Build complete (0 errors, 0 warnings): /home/loay/eclipse-workspace/GettingStarted/build/default
Building in: /home/loay/eclipse-workspace/StringCollections/build/make.profile.linux.x86_64
make -f ../../Makefile
../../Makefile:10: *** recipe commences before first target.  Stop.
Build complete (1 errors, 0 warnings): /home/loay/eclipse-workspace/StringCollections/build/make.profile.linux.x86_64
Building in: /home/loay/eclipse-workspace/GettingStarted/build/default
make -f ../../Makefile
make: Nothing to be done for 'all'.
Build complete (0 errors, 0 warnings): /home/loay/eclipse-workspace/GettingStarted/build/default
Building in: /home/loay/eclipse-workspace/StringCollections/build/make.profile.linux.x86_64
make -f ../../Makefile
../../Makefile:10: *** recipe commences before first target.  Stop.
Build complete (1 errors, 0 warnings): /home/loay/eclipse-workspace/StringCollections/build/make.profile.linux.x86_64
Building in: /home/loay/eclipse-workspace/GettingStarted/build/make.debug.linux.x86_64
make -f ../../Makefile
g++ -c -g   -o GettingStarted.o /home/loay/eclipse-workspace/GettingStarted/GettingStarted.cpp
g++ -o GettingStarted GettingStarted.o
Build complete (0 errors, 0 warnings): /home/loay/eclipse-workspace/GettingStarted/build/make.debug.linux.x86_64
Building in: /home/loay/eclipse-workspace/StringCollection/build/make.debug.linux.x86_64
make -f ../../Makefile
g++ -c -g   -o StringCollection.o /home/loay/eclipse-workspace/StringCollection/StringCollection.cpp
g++ -o StringCollection StringCollection.o
Build complete (0 errors, 0 warnings): /home/loay/eclipse-workspace/StringCollection/build/make.debug.linux.x86_64
Building in: /home/loay/eclipse-workspace/StringCollection/build/make.debug.linux.x86_64
make -f ../../Makefile
make: Nothing to be done for 'all'.
Build complete (0 errors, 0 warnings): /home/loay/eclipse-workspace/StringCollection/build/make.debug.linux.x86_64
Building in: /home/loay/eclipse-workspace/GettingStarted/build/make.debug.linux.x86_64
make -f ../../Makefile
make: Nothing to be done for 'all'.
Build complete (0 errors, 0 warnings): /home/loay/eclipse-workspace/GettingStarted/build/make.debug.linux.x86_64
Building in: /home/loay/eclipse-workspace/StringCollection/build/make.debug.linux.x86_64
make -f ../../Makefile
g++ -c -g   -o StringCollection.o /home/loay/eclipse-workspace/StringCollection/StringCollection.cpp
g++ -o StringCollection StringCollection.o
Build complete (0 errors, 0 warnings): /home/loay/eclipse-workspace/StringCollection/build/make.debug.linux.x86_64
Building in: /home/loay/eclipse-workspace/GettingStarted/build/make.debug.linux.x86_64
make -f ../../Makefile
make: Nothing to be done for 'all'.
Build complete (0 errors, 0 warnings): /home/loay/eclipse-workspace/GettingStarted/build/make.debug.linux.x86_64
Building in: /home/loay/eclipse-workspace/StringCollection/build/make.debug.linux.x86_64
make -f ../../Makefile
g++ -c -g   -o StringCollection.o /home/loay/eclipse-workspace/StringCollection/StringCollection.cpp
g++ -o StringCollection StringCollection.o
Build complete (0 errors, 0 warnings): /home/loay/eclipse-workspace/StringCollection/build/make.debug.linux.x86_64
Building in: /home/loay/eclipse-workspace/VectorContainer/build/default
make -f ../../Makefile
g++ -c -O2   -o VectorContainer.o /home/loay/eclipse-workspace/VectorContainer/VectorContainer.cpp
/home/loay/eclipse-workspace/VectorContainer/VectorContainer.cpp: In function ‘int main(int, char**)’:
/home/loay/eclipse-workspace/VectorContainer/VectorContainer.cpp:3:7: error: ‘vector’ is not a member of ‘std’
  std::vector<std::string> vs = {"a", "e", "k", "b", "g", "c", "l"};
       ^~~~~~
/home/loay/eclipse-workspace/VectorContainer/VectorContainer.cpp:3:7: note: ‘std::vector’ is defined in header ‘<vector>’; did you forget to ‘#include <vector>’?
/home/loay/eclipse-workspace/VectorContainer/VectorContainer.cpp:1:1:
+#include <vector>
 
/home/loay/eclipse-workspace/VectorContainer/VectorContainer.cpp:3:7:
  std::vector<std::string> vs = {"a", "e", "k", "b", "g", "c", "l"};
       ^~~~~~
/home/loay/eclipse-workspace/VectorContainer/VectorContainer.cpp:3:19: error: ‘string’ is not a member of ‘std’
  std::vector<std::string> vs = {"a", "e", "k", "b", "g", "c", "l"};
                   ^~~~~~
/home/loay/eclipse-workspace/VectorContainer/VectorContainer.cpp:3:19: note: ‘std::string’ is defined in header ‘<string>’; did you forget to ‘#include <string>’?
/home/loay/eclipse-workspace/VectorContainer/VectorContainer.cpp:1:1:
+#include <string>
 
/home/loay/eclipse-workspace/VectorContainer/VectorContainer.cpp:3:19:
  std::vector<std::string> vs = {"a", "e", "k", "b", "g", "c", "l"};
                   ^~~~~~
/home/loay/eclipse-workspace/VectorContainer/VectorContainer.cpp:3:27: error: ‘vs’ was not declared in this scope
  std::vector<std::string> vs = {"a", "e", "k", "b", "g", "c", "l"};
                           ^~
/home/loay/eclipse-workspace/VectorContainer/VectorContainer.cpp:4:7: error: ‘vector’ is not a member of ‘std’
  std::vector<int> vi = {0, 1, 2, 3, 4, 5, 6, 7, 8, 9};
       ^~~~~~
/home/loay/eclipse-workspace/VectorContainer/VectorContainer.cpp:4:7: note: ‘std::vector’ is defined in header ‘<vector>’; did you forget to ‘#include <vector>’?
/home/loay/eclipse-workspace/VectorContainer/VectorContainer.cpp:4:14: error: expected primary-expression before ‘int’
  std::vector<int> vi = {0, 1, 2, 3, 4, 5, 6, 7, 8, 9};
              ^~~
/home/loay/eclipse-workspace/VectorContainer/VectorContainer.cpp:5:29: error: ‘vi’ was not declared in this scope
  for (unsigned int i=0; i < vi.size(); i++){
                             ^~
/home/loay/eclipse-workspace/VectorContainer/VectorContainer.cpp:5:29: note: suggested alternative: ‘i’
  for (unsigned int i=0; i < vi.size(); i++){
                             ^~
                             i
/home/loay/eclipse-workspace/VectorContainer/VectorContainer.cpp:6:8: error: ‘cout’ is not a member of ‘std’
   std::cout << vi[i] << " ";
        ^~~~
/home/loay/eclipse-workspace/VectorContainer/VectorContainer.cpp:6:8: note: ‘std::cout’ is defined in header ‘<iostream>’; did you forget to ‘#include <iostream>’?
/home/loay/eclipse-workspace/VectorContainer/VectorContainer.cpp:1:1:
+#include <iostream>
 
/home/loay/eclipse-workspace/VectorContainer/VectorContainer.cpp:6:8:
   std::cout << vi[i] << " ";
        ^~~~
/home/loay/eclipse-workspace/VectorContainer/VectorContainer.cpp:9:7: error: ‘cout’ is not a member of ‘std’
  std::cout << std::endl;
       ^~~~
/home/loay/eclipse-workspace/VectorContainer/VectorContainer.cpp:9:7: note: ‘std::cout’ is defined in header ‘<iostream>’; did you forget to ‘#include <iostream>’?
/home/loay/eclipse-workspace/VectorContainer/VectorContainer.cpp:9:20: error: ‘endl’ is not a member of ‘std’
  std::cout << std::endl;
                    ^~~~
/home/loay/eclipse-workspace/VectorContainer/VectorContainer.cpp:9:20: note: ‘std::endl’ is defined in header ‘<ostream>’; did you forget to ‘#include <ostream>’?
/home/loay/eclipse-workspace/VectorContainer/VectorContainer.cpp:1:1:
+#include <ostream>
 
/home/loay/eclipse-workspace/VectorContainer/VectorContainer.cpp:9:20:
  std::cout << std::endl;
                    ^~~~
/home/loay/eclipse-workspace/VectorContainer/VectorContainer.cpp:10:7: error: ‘sort’ is not a member of ‘std’
  std::sort(std::begin(vs), std::end(vs));
       ^~~~
/home/loay/eclipse-workspace/VectorContainer/VectorContainer.cpp:10:17: error: ‘begin’ is not a member of ‘std’
  std::sort(std::begin(vs), std::end(vs));
                 ^~~~~
/home/loay/eclipse-workspace/VectorContainer/VectorContainer.cpp:10:17: note: ‘std::begin’ is defined in header ‘<iterator>’; did you forget to ‘#include <iterator>’?
/home/loay/eclipse-workspace/VectorContainer/VectorContainer.cpp:1:1:
+#include <iterator>
 
/home/loay/eclipse-workspace/VectorContainer/VectorContainer.cpp:10:17:
  std::sort(std::begin(vs), std::end(vs));
                 ^~~~~
/home/loay/eclipse-workspace/VectorContainer/VectorContainer.cpp:10:33: error: ‘end’ is not a member of ‘std’
  std::sort(std::begin(vs), std::end(vs));
                                 ^~~
/home/loay/eclipse-workspace/VectorContainer/VectorContainer.cpp:10:33: note: ‘std::end’ is defined in header ‘<iterator>’; did you forget to ‘#include <iterator>’?
/home/loay/eclipse-workspace/VectorContainer/VectorContainer.cpp:11:16: error: unable to deduce ‘auto&&’ from ‘vs’
  for (auto i : vs){
                ^~
/home/loay/eclipse-workspace/VectorContainer/VectorContainer.cpp:12:8: error: ‘cout’ is not a member of ‘std’
   std::cout << i << " ";
        ^~~~
/home/loay/eclipse-workspace/VectorContainer/VectorContainer.cpp:12:8: note: ‘std::cout’ is defined in header ‘<iostream>’; did you forget to ‘#include <iostream>’?
/home/loay/eclipse-workspace/VectorContainer/VectorContainer.cpp:14:7: error: ‘cout’ is not a member of ‘std’
  std::cout << std::endl;
       ^~~~
/home/loay/eclipse-workspace/VectorContainer/VectorContainer.cpp:14:7: note: ‘std::cout’ is defined in header ‘<iostream>’; did you forget to ‘#include <iostream>’?
/home/loay/eclipse-workspace/VectorContainer/VectorContainer.cpp:14:20: error: ‘endl’ is not a member of ‘std’
  std::cout << std::endl;
                    ^~~~
/home/loay/eclipse-workspace/VectorContainer/VectorContainer.cpp:14:20: note: ‘std::endl’ is defined in header ‘<ostream>’; did you forget to ‘#include <ostream>’?
make: *** [../../Makefile:19: VectorContainer.o] Error 1
Build complete (17 errors, 0 warnings): /home/loay/eclipse-workspace/VectorContainer/build/default
Building in: /home/loay/eclipse-workspace/GettingStarted/build/make.debug.linux.x86_64
make -f ../../Makefile
make: Nothing to be done for 'all'.
Build complete (0 errors, 0 warnings): /home/loay/eclipse-workspace/GettingStarted/build/make.debug.linux.x86_64
Building in: /home/loay/eclipse-workspace/StringCollection/build/make.debug.linux.x86_64
make -f ../../Makefile
make: Nothing to be done for 'all'.
Build complete (0 errors, 0 warnings): /home/loay/eclipse-workspace/StringCollection/build/make.debug.linux.x86_64
Building in: /home/loay/eclipse-workspace/VectorContainer/build/default
make -f ../../Makefile
g++ -c -O2   -o VectorContainer.o /home/loay/eclipse-workspace/VectorContainer/VectorContainer.cpp
/home/loay/eclipse-workspace/VectorContainer/VectorContainer.cpp: In function ‘int main(int, char**)’:
/home/loay/eclipse-workspace/VectorContainer/VectorContainer.cpp:3:7: error: ‘vector’ is not a member of ‘std’
  std::vector<std::string> vs = {"a", "e", "k", "b", "g", "c", "l"};
       ^~~~~~
/home/loay/eclipse-workspace/VectorContainer/VectorContainer.cpp:3:7: note: ‘std::vector’ is defined in header ‘<vector>’; did you forget to ‘#include <vector>’?
/home/loay/eclipse-workspace/VectorContainer/VectorContainer.cpp:1:1:
+#include <vector>
 
/home/loay/eclipse-workspace/VectorContainer/VectorContainer.cpp:3:7:
  std::vector<std::string> vs = {"a", "e", "k", "b", "g", "c", "l"};
       ^~~~~~
/home/loay/eclipse-workspace/VectorContainer/VectorContainer.cpp:3:19: error: ‘string’ is not a member of ‘std’
  std::vector<std::string> vs = {"a", "e", "k", "b", "g", "c", "l"};
                   ^~~~~~
/home/loay/eclipse-workspace/VectorContainer/VectorContainer.cpp:3:19: note: ‘std::string’ is defined in header ‘<string>’; did you forget to ‘#include <string>’?
/home/loay/eclipse-workspace/VectorContainer/VectorContainer.cpp:1:1:
+#include <string>
 
/home/loay/eclipse-workspace/VectorContainer/VectorContainer.cpp:3:19:
  std::vector<std::string> vs = {"a", "e", "k", "b", "g", "c", "l"};
                   ^~~~~~
/home/loay/eclipse-workspace/VectorContainer/VectorContainer.cpp:3:27: error: ‘vs’ was not declared in this scope
  std::vector<std::string> vs = {"a", "e", "k", "b", "g", "c", "l"};
                           ^~
/home/loay/eclipse-workspace/VectorContainer/VectorContainer.cpp:4:7: error: ‘vector’ is not a member of ‘std’
  std::vector<int> vi = {0, 1, 2, 3, 4, 5, 6, 7, 8, 9};
       ^~~~~~
/home/loay/eclipse-workspace/VectorContainer/VectorContainer.cpp:4:7: note: ‘std::vector’ is defined in header ‘<vector>’; did you forget to ‘#include <vector>’?
/home/loay/eclipse-workspace/VectorContainer/VectorContainer.cpp:4:14: error: expected primary-expression before ‘int’
  std::vector<int> vi = {0, 1, 2, 3, 4, 5, 6, 7, 8, 9};
              ^~~
/home/loay/eclipse-workspace/VectorContainer/VectorContainer.cpp:5:29: error: ‘vi’ was not declared in this scope
  for (unsigned int i=0; i < vi.size(); i++){
                             ^~
/home/loay/eclipse-workspace/VectorContainer/VectorContainer.cpp:5:29: note: suggested alternative: ‘i’
  for (unsigned int i=0; i < vi.size(); i++){
                             ^~
                             i
/home/loay/eclipse-workspace/VectorContainer/VectorContainer.cpp:6:8: error: ‘cout’ is not a member of ‘std’
   std::cout << vi[i] << " ";
        ^~~~
/home/loay/eclipse-workspace/VectorContainer/VectorContainer.cpp:6:8: note: ‘std::cout’ is defined in header ‘<iostream>’; did you forget to ‘#include <iostream>’?
/home/loay/eclipse-workspace/VectorContainer/VectorContainer.cpp:1:1:
+#include <iostream>
 
/home/loay/eclipse-workspace/VectorContainer/VectorContainer.cpp:6:8:
   std::cout << vi[i] << " ";
        ^~~~
/home/loay/eclipse-workspace/VectorContainer/VectorContainer.cpp:9:7: error: ‘cout’ is not a member of ‘std’
  std::cout << std::endl;
       ^~~~
/home/loay/eclipse-workspace/VectorContainer/VectorContainer.cpp:9:7: note: ‘std::cout’ is defined in header ‘<iostream>’; did you forget to ‘#include <iostream>’?
/home/loay/eclipse-workspace/VectorContainer/VectorContainer.cpp:9:20: error: ‘endl’ is not a member of ‘std’
  std::cout << std::endl;
                    ^~~~
/home/loay/eclipse-workspace/VectorContainer/VectorContainer.cpp:9:20: note: ‘std::endl’ is defined in header ‘<ostream>’; did you forget to ‘#include <ostream>’?
/home/loay/eclipse-workspace/VectorContainer/VectorContainer.cpp:1:1:
+#include <ostream>
 
/home/loay/eclipse-workspace/VectorContainer/VectorContainer.cpp:9:20:
  std::cout << std::endl;
                    ^~~~
/home/loay/eclipse-workspace/VectorContainer/VectorContainer.cpp:10:7: error: ‘sort’ is not a member of ‘std’
  std::sort(std::begin(vs), std::end(vs));
       ^~~~
/home/loay/eclipse-workspace/VectorContainer/VectorContainer.cpp:10:17: error: ‘begin’ is not a member of ‘std’
  std::sort(std::begin(vs), std::end(vs));
                 ^~~~~
/home/loay/eclipse-workspace/VectorContainer/VectorContainer.cpp:10:17: note: ‘std::begin’ is defined in header ‘<iterator>’; did you forget to ‘#include <iterator>’?
/home/loay/eclipse-workspace/VectorContainer/VectorContainer.cpp:1:1:
+#include <iterator>
 
/home/loay/eclipse-workspace/VectorContainer/VectorContainer.cpp:10:17:
  std::sort(std::begin(vs), std::end(vs));
                 ^~~~~
/home/loay/eclipse-workspace/VectorContainer/VectorContainer.cpp:10:33: error: ‘end’ is not a member of ‘std’
  std::sort(std::begin(vs), std::end(vs));
                                 ^~~
/home/loay/eclipse-workspace/VectorContainer/VectorContainer.cpp:10:33: note: ‘std::end’ is defined in header ‘<iterator>’; did you forget to ‘#include <iterator>’?
/home/loay/eclipse-workspace/VectorContainer/VectorContainer.cpp:11:16: error: unable to deduce ‘auto&&’ from ‘vs’
  for (auto i : vs){
                ^~
/home/loay/eclipse-workspace/VectorContainer/VectorContainer.cpp:12:8: error: ‘cout’ is not a member of ‘std’
   std::cout << i << " ";
        ^~~~
/home/loay/eclipse-workspace/VectorContainer/VectorContainer.cpp:12:8: note: ‘std::cout’ is defined in header ‘<iostream>’; did you forget to ‘#include <iostream>’?
/home/loay/eclipse-workspace/VectorContainer/VectorContainer.cpp:14:7: error: ‘cout’ is not a member of ‘std’
  std::cout << std::endl;
       ^~~~
/home/loay/eclipse-workspace/VectorContainer/VectorContainer.cpp:14:7: note: ‘std::cout’ is defined in header ‘<iostream>’; did you forget to ‘#include <iostream>’?
/home/loay/eclipse-workspace/VectorContainer/VectorContainer.cpp:14:20: error: ‘endl’ is not a member of ‘std’
  std::cout << std::endl;
                    ^~~~
/home/loay/eclipse-workspace/VectorContainer/VectorContainer.cpp:14:20: note: ‘std::endl’ is defined in header ‘<ostream>’; did you forget to ‘#include <ostream>’?
make: *** [../../Makefile:19: VectorContainer.o] Error 1
Build complete (17 errors, 0 warnings): /home/loay/eclipse-workspace/VectorContainer/build/default
Building in: /home/loay/eclipse-workspace/GettingStarted/build/make.debug.linux.x86_64
make -f ../../Makefile
make: Nothing to be done for 'all'.
Build complete (0 errors, 0 warnings): /home/loay/eclipse-workspace/GettingStarted/build/make.debug.linux.x86_64
Building in: /home/loay/eclipse-workspace/StringCollection/build/make.debug.linux.x86_64
make -f ../../Makefile
make: Nothing to be done for 'all'.
Build complete (0 errors, 0 warnings): /home/loay/eclipse-workspace/StringCollection/build/make.debug.linux.x86_64
Building in: /home/loay/eclipse-workspace/VectorContainer/build/default
make -f ../../Makefile
g++ -c -O2   -o VectorContainer.o /home/loay/eclipse-workspace/VectorContainer/VectorContainer.cpp
/home/loay/eclipse-workspace/VectorContainer/VectorContainer.cpp: In function ‘int main(int, char**)’:
/home/loay/eclipse-workspace/VectorContainer/VectorContainer.cpp:3:7: error: ‘vector’ is not a member of ‘std’
  std::vector<std::string> vs = {"a", "e", "k", "b", "g", "c", "l"};
       ^~~~~~
/home/loay/eclipse-workspace/VectorContainer/VectorContainer.cpp:3:7: note: ‘std::vector’ is defined in header ‘<vector>’; did you forget to ‘#include <vector>’?
/home/loay/eclipse-workspace/VectorContainer/VectorContainer.cpp:1:1:
+#include <vector>
 
/home/loay/eclipse-workspace/VectorContainer/VectorContainer.cpp:3:7:
  std::vector<std::string> vs = {"a", "e", "k", "b", "g", "c", "l"};
       ^~~~~~
/home/loay/eclipse-workspace/VectorContainer/VectorContainer.cpp:3:19: error: ‘string’ is not a member of ‘std’
  std::vector<std::string> vs = {"a", "e", "k", "b", "g", "c", "l"};
                   ^~~~~~
/home/loay/eclipse-workspace/VectorContainer/VectorContainer.cpp:3:19: note: ‘std::string’ is defined in header ‘<string>’; did you forget to ‘#include <string>’?
/home/loay/eclipse-workspace/VectorContainer/VectorContainer.cpp:1:1:
+#include <string>
 
/home/loay/eclipse-workspace/VectorContainer/VectorContainer.cpp:3:19:
  std::vector<std::string> vs = {"a", "e", "k", "b", "g", "c", "l"};
                   ^~~~~~
/home/loay/eclipse-workspace/VectorContainer/VectorContainer.cpp:3:27: error: ‘vs’ was not declared in this scope
  std::vector<std::string> vs = {"a", "e", "k", "b", "g", "c", "l"};
                           ^~
/home/loay/eclipse-workspace/VectorContainer/VectorContainer.cpp:4:7: error: ‘vector’ is not a member of ‘std’
  std::vector<int> vi = {0, 1, 2, 3, 4, 5, 6, 7, 8, 9};
       ^~~~~~
/home/loay/eclipse-workspace/VectorContainer/VectorContainer.cpp:4:7: note: ‘std::vector’ is defined in header ‘<vector>’; did you forget to ‘#include <vector>’?
/home/loay/eclipse-workspace/VectorContainer/VectorContainer.cpp:4:14: error: expected primary-expression before ‘int’
  std::vector<int> vi = {0, 1, 2, 3, 4, 5, 6, 7, 8, 9};
              ^~~
/home/loay/eclipse-workspace/VectorContainer/VectorContainer.cpp:5:29: error: ‘vi’ was not declared in this scope
  for (unsigned int i=0; i < vi.size(); i++){
                             ^~
/home/loay/eclipse-workspace/VectorContainer/VectorContainer.cpp:5:29: note: suggested alternative: ‘i’
  for (unsigned int i=0; i < vi.size(); i++){
                             ^~
                             i
/home/loay/eclipse-workspace/VectorContainer/VectorContainer.cpp:6:8: error: ‘cout’ is not a member of ‘std’
   std::cout << vi[i] << " ";
        ^~~~
/home/loay/eclipse-workspace/VectorContainer/VectorContainer.cpp:6:8: note: ‘std::cout’ is defined in header ‘<iostream>’; did you forget to ‘#include <iostream>’?
/home/loay/eclipse-workspace/VectorContainer/VectorContainer.cpp:1:1:
+#include <iostream>
 
/home/loay/eclipse-workspace/VectorContainer/VectorContainer.cpp:6:8:
   std::cout << vi[i] << " ";
        ^~~~
/home/loay/eclipse-workspace/VectorContainer/VectorContainer.cpp:9:7: error: ‘cout’ is not a member of ‘std’
  std::cout << std::endl;
       ^~~~
/home/loay/eclipse-workspace/VectorContainer/VectorContainer.cpp:9:7: note: ‘std::cout’ is defined in header ‘<iostream>’; did you forget to ‘#include <iostream>’?
/home/loay/eclipse-workspace/VectorContainer/VectorContainer.cpp:9:20: error: ‘endl’ is not a member of ‘std’
  std::cout << std::endl;
                    ^~~~
/home/loay/eclipse-workspace/VectorContainer/VectorContainer.cpp:9:20: note: ‘std::endl’ is defined in header ‘<ostream>’; did you forget to ‘#include <ostream>’?
/home/loay/eclipse-workspace/VectorContainer/VectorContainer.cpp:1:1:
+#include <ostream>
 
/home/loay/eclipse-workspace/VectorContainer/VectorContainer.cpp:9:20:
  std::cout << std::endl;
                    ^~~~
/home/loay/eclipse-workspace/VectorContainer/VectorContainer.cpp:10:7: error: ‘sort’ is not a member of ‘std’
  std::sort(std::begin(vs), std::end(vs));
       ^~~~
/home/loay/eclipse-workspace/VectorContainer/VectorContainer.cpp:10:17: error: ‘begin’ is not a member of ‘std’
  std::sort(std::begin(vs), std::end(vs));
                 ^~~~~
/home/loay/eclipse-workspace/VectorContainer/VectorContainer.cpp:10:17: note: ‘std::begin’ is defined in header ‘<iterator>’; did you forget to ‘#include <iterator>’?
/home/loay/eclipse-workspace/VectorContainer/VectorContainer.cpp:1:1:
+#include <iterator>
 
/home/loay/eclipse-workspace/VectorContainer/VectorContainer.cpp:10:17:
  std::sort(std::begin(vs), std::end(vs));
                 ^~~~~
/home/loay/eclipse-workspace/VectorContainer/VectorContainer.cpp:10:33: error: ‘end’ is not a member of ‘std’
  std::sort(std::begin(vs), std::end(vs));
                                 ^~~
/home/loay/eclipse-workspace/VectorContainer/VectorContainer.cpp:10:33: note: ‘std::end’ is defined in header ‘<iterator>’; did you forget to ‘#include <iterator>’?
/home/loay/eclipse-workspace/VectorContainer/VectorContainer.cpp:11:16: error: unable to deduce ‘auto&&’ from ‘vs’
  for (auto i : vs){
                ^~
/home/loay/eclipse-workspace/VectorContainer/VectorContainer.cpp:12:8: error: ‘cout’ is not a member of ‘std’
   std::cout << i << " ";
        ^~~~
/home/loay/eclipse-workspace/VectorContainer/VectorContainer.cpp:12:8: note: ‘std::cout’ is defined in header ‘<iostream>’; did you forget to ‘#include <iostream>’?
/home/loay/eclipse-workspace/VectorContainer/VectorContainer.cpp:14:7: error: ‘cout’ is not a member of ‘std’
  std::cout << std::endl;
       ^~~~
/home/loay/eclipse-workspace/VectorContainer/VectorContainer.cpp:14:7: note: ‘std::cout’ is defined in header ‘<iostream>’; did you forget to ‘#include <iostream>’?
/home/loay/eclipse-workspace/VectorContainer/VectorContainer.cpp:14:20: error: ‘endl’ is not a member of ‘std’
  std::cout << std::endl;
                    ^~~~
/home/loay/eclipse-workspace/VectorContainer/VectorContainer.cpp:14:20: note: ‘std::endl’ is defined in header ‘<ostream>’; did you forget to ‘#include <ostream>’?
make: *** [../../Makefile:19: VectorContainer.o] Error 1
Build complete (17 errors, 0 warnings): /home/loay/eclipse-workspace/VectorContainer/build/default
Building in: /home/loay/eclipse-workspace/GettingStarted/build/make.debug.linux.x86_64
make -f ../../Makefile
make: Nothing to be done for 'all'.
Build complete (0 errors, 0 warnings): /home/loay/eclipse-workspace/GettingStarted/build/make.debug.linux.x86_64
Building in: /home/loay/eclipse-workspace/StringCollection/build/make.debug.linux.x86_64
make -f ../../Makefile
make: Nothing to be done for 'all'.
Build complete (0 errors, 0 warnings): /home/loay/eclipse-workspace/StringCollection/build/make.debug.linux.x86_64
Building in: /home/loay/eclipse-workspace/VectorContainer/build/default
make -f ../../Makefile
g++ -c -O2   -o VectorContainer.o /home/loay/eclipse-workspace/VectorContainer/VectorContainer.cpp
/home/loay/eclipse-workspace/VectorContainer/VectorContainer.cpp: In function ‘int main(int, char**)’:
/home/loay/eclipse-workspace/VectorContainer/VectorContainer.cpp:6:19: error: ‘string’ is not a member of ‘std’
  std::vector<std::string> vs = {"a", "e", "k", "b", "g", "c", "l"};
                   ^~~~~~
/home/loay/eclipse-workspace/VectorContainer/VectorContainer.cpp:6:19: note: ‘std::string’ is defined in header ‘<string>’; did you forget to ‘#include <string>’?
/home/loay/eclipse-workspace/VectorContainer/VectorContainer.cpp:3:1:
+#include <string>
 
/home/loay/eclipse-workspace/VectorContainer/VectorContainer.cpp:6:19:
  std::vector<std::string> vs = {"a", "e", "k", "b", "g", "c", "l"};
                   ^~~~~~
/home/loay/eclipse-workspace/VectorContainer/VectorContainer.cpp:6:19: error: ‘string’ is not a member of ‘std’
/home/loay/eclipse-workspace/VectorContainer/VectorContainer.cpp:6:19: note: ‘std::string’ is defined in header ‘<string>’; did you forget to ‘#include <string>’?
/home/loay/eclipse-workspace/VectorContainer/VectorContainer.cpp:6:25: error: template argument 1 is invalid
  std::vector<std::string> vs = {"a", "e", "k", "b", "g", "c", "l"};
                         ^
/home/loay/eclipse-workspace/VectorContainer/VectorContainer.cpp:6:25: error: template argument 2 is invalid
/home/loay/eclipse-workspace/VectorContainer/VectorContainer.cpp:6:27: error: scalar object ‘vs’ requires one element in initializer
  std::vector<std::string> vs = {"a", "e", "k", "b", "g", "c", "l"};
                           ^~
/home/loay/eclipse-workspace/VectorContainer/VectorContainer.cpp:9:8: error: ‘cout’ is not a member of ‘std’
   std::cout << vi[i] << " ";
        ^~~~
/home/loay/eclipse-workspace/VectorContainer/VectorContainer.cpp:9:8: note: ‘std::cout’ is defined in header ‘<iostream>’; did you forget to ‘#include <iostream>’?
/home/loay/eclipse-workspace/VectorContainer/VectorContainer.cpp:3:1:
+#include <iostream>
 
/home/loay/eclipse-workspace/VectorContainer/VectorContainer.cpp:9:8:
   std::cout << vi[i] << " ";
        ^~~~
/home/loay/eclipse-workspace/VectorContainer/VectorContainer.cpp:12:7: error: ‘cout’ is not a member of ‘std’
  std::cout << std::endl;
       ^~~~
/home/loay/eclipse-workspace/VectorContainer/VectorContainer.cpp:12:7: note: ‘std::cout’ is defined in header ‘<iostream>’; did you forget to ‘#include <iostream>’?
/home/loay/eclipse-workspace/VectorContainer/VectorContainer.cpp:12:20: error: ‘endl’ is not a member of ‘std’
  std::cout << std::endl;
                    ^~~~
/home/loay/eclipse-workspace/VectorContainer/VectorContainer.cpp:12:20: note: ‘std::endl’ is defined in header ‘<ostream>’; did you forget to ‘#include <ostream>’?
/home/loay/eclipse-workspace/VectorContainer/VectorContainer.cpp:3:1:
+#include <ostream>
 
/home/loay/eclipse-workspace/VectorContainer/VectorContainer.cpp:12:20:
  std::cout << std::endl;
                    ^~~~
/home/loay/eclipse-workspace/VectorContainer/VectorContainer.cpp:14:16: error: unable to deduce ‘auto&&’ from ‘vs’
  for (auto i : vs){
                ^~
/home/loay/eclipse-workspace/VectorContainer/VectorContainer.cpp:15:8: error: ‘cout’ is not a member of ‘std’
   std::cout << i << " ";
        ^~~~
/home/loay/eclipse-workspace/VectorContainer/VectorContainer.cpp:15:8: note: ‘std::cout’ is defined in header ‘<iostream>’; did you forget to ‘#include <iostream>’?
/home/loay/eclipse-workspace/VectorContainer/VectorContainer.cpp:17:7: error: ‘cout’ is not a member of ‘std’
  std::cout << std::endl;
       ^~~~
/home/loay/eclipse-workspace/VectorContainer/VectorContainer.cpp:17:7: note: ‘std::cout’ is defined in header ‘<iostream>’; did you forget to ‘#include <iostream>’?
/home/loay/eclipse-workspace/VectorContainer/VectorContainer.cpp:17:20: error: ‘endl’ is not a member of ‘std’
  std::cout << std::endl;
                    ^~~~
/home/loay/eclipse-workspace/VectorContainer/VectorContainer.cpp:17:20: note: ‘std::endl’ is defined in header ‘<ostream>’; did you forget to ‘#include <ostream>’?
make: *** [../../Makefile:19: VectorContainer.o] Error 1
Build complete (13 errors, 0 warnings): /home/loay/eclipse-workspace/VectorContainer/build/default
Building in: /home/loay/eclipse-workspace/GettingStarted/build/make.debug.linux.x86_64
make -f ../../Makefile
make: Nothing to be done for 'all'.
Build complete (0 errors, 0 warnings): /home/loay/eclipse-workspace/GettingStarted/build/make.debug.linux.x86_64
Building in: /home/loay/eclipse-workspace/StringCollection/build/make.debug.linux.x86_64
make -f ../../Makefile
make: Nothing to be done for 'all'.
Build complete (0 errors, 0 warnings): /home/loay/eclipse-workspace/StringCollection/build/make.debug.linux.x86_64
Building in: /home/loay/eclipse-workspace/VectorContainer/build/default
make -f ../../Makefile
g++ -c -O2   -o VectorContainer.o /home/loay/eclipse-workspace/VectorContainer/VectorContainer.cpp
g++ -o VectorContainer VectorContainer.o
Build complete (0 errors, 0 warnings): /home/loay/eclipse-workspace/VectorContainer/build/default
Building in: /home/loay/eclipse-workspace/VectorContainer/build/default
make -f ../../Makefile
make: Nothing to be done for 'all'.
Build complete (0 errors, 0 warnings): /home/loay/eclipse-workspace/VectorContainer/build/default
Building in: /home/loay/eclipse-workspace/GettingStarted/build/make.debug.linux.x86_64
make -f ../../Makefile
make: Nothing to be done for 'all'.
Build complete (0 errors, 0 warnings): /home/loay/eclipse-workspace/GettingStarted/build/make.debug.linux.x86_64
Building in: /home/loay/eclipse-workspace/StringCollection/build/make.debug.linux.x86_64
make -f ../../Makefile
make: Nothing to be done for 'all'.
Build complete (0 errors, 0 warnings): /home/loay/eclipse-workspace/StringCollection/build/make.debug.linux.x86_64
Building in: /home/loay/eclipse-workspace/VectorContainer/build/default
make -f ../../Makefile
g++ -c -O2   -o VectorContainer.o /home/loay/eclipse-workspace/VectorContainer/VectorContainer.cpp
/home/loay/eclipse-workspace/VectorContainer/VectorContainer.cpp: In function ‘int main(int, char**)’:
/home/loay/eclipse-workspace/VectorContainer/VectorContainer.cpp:19:55: error: no match for call to ‘(std::ostream {aka std::basic_ostream<char>}) (std::vector<std::__cxx11::basic_string<char> >::iterator, std::vector<std::__cxx11::basic_string<char> >::iterator, char)’
  int nKs = std::cout(std::begin(vs), std::end(vs), 'k');
                                                       ^
make: *** [../../Makefile:19: VectorContainer.o] Error 1
Build complete (2 errors, 0 warnings): /home/loay/eclipse-workspace/VectorContainer/build/default
Building in: /home/loay/eclipse-workspace/GettingStarted/build/make.debug.linux.x86_64
make -f ../../Makefile
make: Nothing to be done for 'all'.
Build complete (0 errors, 0 warnings): /home/loay/eclipse-workspace/GettingStarted/build/make.debug.linux.x86_64
Building in: /home/loay/eclipse-workspace/StringCollection/build/make.debug.linux.x86_64
make -f ../../Makefile
make: Nothing to be done for 'all'.
Build complete (0 errors, 0 warnings): /home/loay/eclipse-workspace/StringCollection/build/make.debug.linux.x86_64
Building in: /home/loay/eclipse-workspace/VectorContainer/build/default
make -f ../../Makefile
g++ -c -O2   -o VectorContainer.o /home/loay/eclipse-workspace/VectorContainer/VectorContainer.cpp
/home/loay/eclipse-workspace/VectorContainer/VectorContainer.cpp: In function ‘int main(int, char**)’:
/home/loay/eclipse-workspace/VectorContainer/VectorContainer.cpp:19:55: error: no match for call to ‘(std::ostream {aka std::basic_ostream<char>}) (std::vector<std::__cxx11::basic_string<char> >::iterator, std::vector<std::__cxx11::basic_string<char> >::iterator, const char [2])’
  int nKs = std::cout(std::begin(vs), std::end(vs), "k");
                                                       ^
make: *** [../../Makefile:19: VectorContainer.o] Error 1
Build complete (2 errors, 0 warnings): /home/loay/eclipse-workspace/VectorContainer/build/default
Building in: /home/loay/eclipse-workspace/GettingStarted/build/make.debug.linux.x86_64
make -f ../../Makefile
make: Nothing to be done for 'all'.
Build complete (0 errors, 0 warnings): /home/loay/eclipse-workspace/GettingStarted/build/make.debug.linux.x86_64
Building in: /home/loay/eclipse-workspace/StringCollection/build/make.debug.linux.x86_64
make -f ../../Makefile
make: Nothing to be done for 'all'.
Build complete (0 errors, 0 warnings): /home/loay/eclipse-workspace/StringCollection/build/make.debug.linux.x86_64
Building in: /home/loay/eclipse-workspace/VectorContainer/build/default
make -f ../../Makefile
g++ -c -O2   -o VectorContainer.o /home/loay/eclipse-workspace/VectorContainer/VectorContainer.cpp
/home/loay/eclipse-workspace/VectorContainer/VectorContainer.cpp: In function ‘int main(int, char**)’:
/home/loay/eclipse-workspace/VectorContainer/VectorContainer.cpp:19:55: error: no match for call to ‘(std::ostream {aka std::basic_ostream<char>}) (std::vector<std::__cxx11::basic_string<char> >::iterator, std::vector<std::__cxx11::basic_string<char> >::iterator, const char [2])’
  int nKs = std::cout(std::begin(vs), std::end(vs), "k");
                                                       ^
make: *** [../../Makefile:19: VectorContainer.o] Error 1
Build complete (2 errors, 0 warnings): /home/loay/eclipse-workspace/VectorContainer/build/default
Building in: /home/loay/eclipse-workspace/GettingStarted/build/make.debug.linux.x86_64
make -f ../../Makefile
make: Nothing to be done for 'all'.
Build complete (0 errors, 0 warnings): /home/loay/eclipse-workspace/GettingStarted/build/make.debug.linux.x86_64
Building in: /home/loay/eclipse-workspace/StringCollection/build/make.debug.linux.x86_64
make -f ../../Makefile
make: Nothing to be done for 'all'.
Build complete (0 errors, 0 warnings): /home/loay/eclipse-workspace/StringCollection/build/make.debug.linux.x86_64
Building in: /home/loay/eclipse-workspace/VectorContainer/build/default
make -f ../../Makefile
g++ -c -O2   -o VectorContainer.o /home/loay/eclipse-workspace/VectorContainer/VectorContainer.cpp
g++ -o VectorContainer VectorContainer.o
Build complete (0 errors, 0 warnings): /home/loay/eclipse-workspace/VectorContainer/build/default
Building in: /home/loay/eclipse-workspace/VectorContainer/build/default
make -f ../../Makefile
make: Nothing to be done for 'all'.
Build complete (0 errors, 0 warnings): /home/loay/eclipse-workspace/VectorContainer/build/default
Building in: /home/loay/eclipse-workspace/VectorContainer/build/default
make -f ../../Makefile
make: Nothing to be done for 'all'.
Build complete (0 errors, 0 warnings): /home/loay/eclipse-workspace/VectorContainer/build/default
